2023-11-14T19:20:32.807Z [info]: Portifolio app is online and is active at PORT:80
2023-11-14T19:20:32.809Z [info]: Connected to database
2023-11-14T19:20:48.653Z [info]: http connection established by HOST:127.0.0.1
2023-11-14T19:20:50.162Z [error]: Access requested denied due to Error 404
2023-11-14T19:20:50.541Z [error]: Access requested denied due to Error 404
2023-11-14T19:20:50.561Z [error]: Access requested denied due to Error 404 to /false
2023-11-14T19:20:51.875Z [error]: Access requested denied due to Error 404 to /favicon.ico
2023-11-14T19:21:21.391Z [info]: http connection established by HOST:127.0.0.1
2023-11-14T19:21:21.681Z [error]: Access requested denied due to Error 404
2023-11-14T19:21:21.863Z [error]: Access requested denied due to Error 404
2023-11-14T19:21:21.890Z [error]: Access requested denied due to Error 404 to /false
2023-11-14T19:21:49.408Z [info]: http connection established by HOST:127.0.0.1
2023-11-14T19:21:49.675Z [error]: Access requested denied due to Error 404
2023-11-14T19:21:49.764Z [error]: Access requested denied due to Error 404
2023-11-14T19:21:49.785Z [error]: Access requested denied due to Error 404 to /false
2023-11-14T19:22:18.026Z [error]: Access requested denied due to Error 404 to //api/sync
2023-11-14T19:22:22.596Z [info]: Attempting to sync music data from local system
2023-11-14T19:22:22.596Z [error]: Mac OS is not supported
2024-02-15T10:45:54.542Z [info]: Portifolio app is online and is active at PORT:80
2024-02-15T10:45:54.544Z [info]: Connected to database
2024-02-15T10:46:02.655Z [info]: http connection established by HOST:127.0.0.1
2024-02-15T10:46:04.317Z [error]: Access requested denied due to Error 404
2024-02-15T10:46:04.664Z [error]: Access requested denied due to Error 404
2024-02-15T10:46:04.670Z [error]: Access requested denied due to Error 404 to /false
2024-02-15T10:46:05.094Z [error]: Access requested denied due to Error 404 to /favicon.ico
2024-02-15T10:46:21.374Z [info]: http connection established by HOST:127.0.0.1
2024-02-15T10:46:21.535Z [error]: Access requested denied due to Error 404
2024-02-15T10:46:21.599Z [error]: Access requested denied due to Error 404
2024-02-15T10:46:21.617Z [error]: Access requested denied due to Error 404 to /false
2024-02-15T10:46:23.552Z [info]: http connection established by HOST:127.0.0.1
2024-02-15T10:46:23.661Z [error]: Access requested denied due to Error 404
2024-02-15T10:46:23.730Z [error]: Access requested denied due to Error 404
2024-02-15T10:46:23.746Z [error]: Access requested denied due to Error 404 to /false
2024-02-15T10:46:24.535Z [info]: http connection established by HOST:127.0.0.1
2024-02-15T10:46:24.634Z [error]: Access requested denied due to Error 404
2024-02-15T10:46:24.684Z [error]: Access requested denied due to Error 404
2024-02-15T10:46:24.701Z [error]: Access requested denied due to Error 404 to /false
2024-02-15T10:49:29.903Z [error]: Access requested denied due to Error 404 to /resources/preview.png
2024-02-27T09:53:03.390Z [info]: Portifolio app is online and is active at PORT:80
2024-02-27T09:53:03.392Z [info]: Connected to database
2024-02-27T09:53:19.795Z [info]: http connection established by HOST:127.0.0.1
2024-02-27T09:53:23.386Z [error]: Access requested denied due to Error 404
2024-02-27T09:53:23.435Z [error]: Access requested denied due to Error 404
2024-02-27T09:53:23.441Z [error]: Access requested denied due to Error 404 to /false
2024-02-27T09:54:42.499Z [info]: http connection established by HOST:127.0.0.1
2024-02-27T09:54:47.176Z [info]: http connection established by HOST:127.0.0.1
2024-02-27T09:54:48.283Z [info]: http connection established by HOST:127.0.0.1
2024-02-27T09:55:01.432Z [info]: http connection established by HOST:127.0.0.1
2024-02-27T09:55:06.178Z [error]: Access requested denied due to Error 404
2024-02-27T09:55:06.219Z [error]: Access requested denied due to Error 404
2024-02-27T09:55:06.227Z [error]: Access requested denied due to Error 404 to /false
2024-02-27T09:55:07.115Z [error]: Access requested denied due to Error 404 to /favicon.ico
2024-02-27T09:55:46.455Z [error]: Access requested denied due to Error 404 to /apis/
2024-02-27T09:55:49.024Z [info]: http connection established by HOST:127.0.0.1
2024-02-27T09:55:53.744Z [info]: Attempting to sync music data from local system
2024-02-27T09:55:53.745Z [error]: Mac OS is not supported
2024-02-27T09:56:49.533Z [info]: Portifolio app is online and is active at PORT:80
2024-02-27T09:56:49.535Z [info]: Connected to database
2024-02-27T09:56:50.274Z [info]: Attempting to sync music data from local system
2024-02-27T09:56:50.275Z [error]: Mac OS is not supported
2024-02-27T09:57:03.545Z [error]: Access requested denied due to Error 404 to /resources/preview.png
2024-02-27T09:57:08.881Z [info]: Portifolio app is online and is active at PORT:80
2024-02-27T09:57:08.883Z [info]: Connected to database
2024-02-27T09:57:10.557Z [info]: Portifolio app is online and is active at PORT:80
2024-02-27T09:57:10.559Z [info]: Connected to database
2024-02-27T09:57:14.973Z [info]: Portifolio app is online and is active at PORT:80
2024-02-27T09:57:14.974Z [info]: Connected to database
2024-02-27T09:57:19.585Z [info]: Attempting to sync music data from local system
2024-02-27T09:57:53.017Z [info]: Portifolio app is online and is active at PORT:80
2024-02-27T09:57:53.019Z [info]: Connected to database
2024-02-27T09:58:14.094Z [info]: Portifolio app is online and is active at PORT:80
2024-02-27T09:58:14.096Z [info]: Connected to database
2024-02-27T09:58:19.559Z [info]: http connection established by HOST:127.0.0.1
2024-02-27T09:58:21.929Z [error]: Access requested denied due to Error 404
2024-02-27T09:58:21.969Z [error]: Access requested denied due to Error 404
2024-02-27T09:58:21.977Z [error]: Access requested denied due to Error 404 to /false
2024-02-27T09:58:31.306Z [info]: Attempting to sync music data from local system
2024-02-27T09:58:43.246Z [info]: Portifolio app is online and is active at PORT:80
2024-02-27T09:58:43.247Z [info]: Connected to database
2024-02-27T09:58:44.444Z [info]: Attempting to sync music data from local system
2024-02-27T09:58:45.008Z [info]: Found Music File: Portion.mp3
2024-02-27T09:58:48.209Z [info]: Found Music File: finished.wav
2024-02-27T09:58:48.226Z [info]: Found Music File: Over the Horizon 2018.mp3
2024-02-27T09:58:48.574Z [info]: Found Music File: audioclip16961704720007125_9988105774596381.aac
2024-02-27T09:58:48.574Z [info]: Found Music File: audioclip16961717200007808_231625503224704.aac
2024-02-27T09:58:48.574Z [info]: Found Music File: audioclip169936275500030635_24125011217143192.aac
2024-02-27T09:58:48.624Z [info]: Found Music File: Over the Horizon 2018.mp3
2024-02-27T09:58:48.638Z [info]: Found Music File: Chastity_Belt_-_01_-_Cadaver.ogg
2024-02-27T09:58:48.639Z [info]: Found Music File: Aadharam Neer - Stephen Jebakumar, Beryl Natasha.m4a
2024-02-27T09:58:48.639Z [info]: Found Music File: Aasayattuzhannavare - Arun Vishwanathan.m4a
2024-02-27T09:58:48.639Z [info]: Found Music File: Anandamundenikku - Sadhu Kochu Kunju Upadesi.m4a
2024-02-27T09:58:48.640Z [info]: Found Music File: Anugrahathin Adhipathiye - Merine Gregory.m4a
2024-02-27T09:58:48.640Z [info]: Found Music File: Athyunnathanam Daivathin Maravil - Immanuel Henry.m4a
2024-02-27T09:58:48.640Z [info]: Found Music File: Azhalerum Jeevitha Maruvil - Sreya Anna Joseph.m4a
2024-02-27T09:58:48.640Z [info]: Found Music File: Daiva Pithave - Don Valiyavelicham, Aju Philip.m4a
2024-02-27T09:58:48.641Z [info]: Found Music File: Daivam Sakalavum - Sadhu Kochu Kunju Upadesi.m4a
2024-02-27T09:58:48.641Z [info]: Found Music File: Devadhi Devasuthan - Libin Scaria.m4a
2024-02-27T09:58:48.641Z [info]: Found Music File: Dhanyavad Ke Saath - Don Valiyavelicham, Sreya Anna Joseph.m4a
2024-02-27T09:58:48.641Z [info]: Found Music File: Dhukhathinte Panapatram - Sadhu Kochu Kunju Upadesi.m4a
2024-02-27T09:58:48.641Z [info]: Found Music File: Dukhathinte Paana Paathram - Don Valiyavelicham, Shreya.m4a
2024-02-27T09:58:48.641Z [info]: Found Music File: Eeloka Yathrayil - Don Valiyavelicham, Bineeth Joy.m4a
2024-02-27T09:58:48.641Z [info]: Found Music File: En Prema Geethamam - Don Valiyavelicham.m4a
2024-02-27T09:58:48.641Z [info]: Found Music File: En Priya Rakshakane - Sadhu Kochu Kunju Upadesi.m4a
2024-02-27T09:58:48.642Z [info]: Found Music File: Ene Marodu Cherkkunna Sneham - Don Valiyavelicham, Kester.m4a
2024-02-27T09:58:48.642Z [info]: Found Music File: Enne Karuthunna Karam - Don Valiyavelicham, Nithin Kumar.m4a
2024-02-27T09:58:48.642Z [info]: Found Music File: Enne Karuthuvan Kaakkuvan - Mithila Michael.m4a
2024-02-27T09:58:48.642Z [info]: Found Music File: Enne Nadathunnavan - Santhosh Joy.m4a
2024-02-27T09:58:48.642Z [info]: Found Music File: Enneshuve Enneshuve - Don Valiyavelicham.m4a
2024-02-27T09:58:48.642Z [info]: Found Music File: Enni Enni Sthuthikuvaan - Sreya Anna Joseph.m4a
2024-02-27T09:58:48.642Z [info]: Found Music File: Ennullam Ninnilay - Don Valiyavelicham, Anju Joseph, Sam Poovachal.m4a
2024-02-27T09:58:48.642Z [info]: Found Music File: Ennum Nallavan - Fr. Severios Thomas.m4a
2024-02-27T09:58:48.642Z [info]: Found Music File: Ente Daivam Mahathwathin - Sadhu Kochu Kunju Upadesi.m4a
2024-02-27T09:58:48.642Z [info]: Found Music File: Ente Sambath Ennu Cholluvaan - Sreya Anna Joseph.m4a
2024-02-27T09:58:48.642Z [info]: Found Music File: Ente Sambathennu - Sadhu Kochu Kunju Upadesi.m4a
2024-02-27T09:58:48.642Z [info]: Found Music File: Enthu Vannaalum - Elizabeth Raju.m4a
2024-02-27T09:58:48.642Z [info]: Found Music File: Gathsaman Thottathil - Don Valiyavelicham, Lordson Antony.m4a
2024-02-27T09:58:48.642Z [info]: Found Music File: Gethsamanayil Kandidunnitha - Don Valiyavelicham, Jiji Sam.m4a
2024-02-27T09:58:48.642Z [info]: Found Music File: Ha Enthanentham - Don Valiyavelicham.m4a
2024-02-27T09:58:48.642Z [info]: Found Music File: Israyelin Daivame Nee - Franco.m4a
2024-02-27T09:58:48.642Z [info]: Found Music File: Jeevante Uravidamam Naadha - Don Valiyavelicham, Immanuel Henry.m4a
2024-02-27T09:58:48.642Z [info]: Found Music File: Jehovah Jireh - Sam Thomas, Sreya Anna Joseph.m4a
2024-02-27T09:58:48.642Z [info]: Found Music File: Kottakal Thakarneedum - Santhosh, Anna Mathew.m4a
2024-02-27T09:58:48.642Z [info]: Found Music File: Kumbittaraadhichidaam - Kester.m4a
2024-02-27T09:58:48.642Z [info]: Found Music File: Kunjattin Thiru Rakthathal - Sreya Anna Joseph.m4a
2024-02-27T09:58:48.642Z [info]: Found Music File: Lesana Kariyam - Don Valiyavelicham, Amali Deepika.m4a
2024-02-27T09:58:48.642Z [info]: Found Music File: Manam Thakarunna - Don Valiyavelicham, Immanuel Henry.m4a
2024-02-27T09:58:48.642Z [info]: Found Music File: Naam Sevichu Nilkkunna - Markose.m4a
2024-02-27T09:58:48.643Z [info]: Found Music File: Nalla Devane - Don Valiyavelicham, Sreya Anna Joseph.m4a
2024-02-27T09:58:48.643Z [info]: Found Music File: Nanni Nanni En Daivame - Don Valiyavelicham.m4a
2024-02-27T09:58:48.643Z [info]: Found Music File: Neerillatha Naalellam - Don Valiyavelicham, Amali Deepika.m4a
2024-02-27T09:58:48.643Z [info]: Found Music File: Neeyente Sarvavum - Don Valiyavelicham, Annakutty.m4a
2024-02-27T09:58:48.643Z [info]: Found Music File: Njan Kaanum Prana Nadhane - Don Valiyavelicham, Tina Joy.m4a
2024-02-27T09:58:48.643Z [info]: Found Music File: O Snehame - Latha Hentry.m4a
2024-02-27T09:58:48.643Z [info]: Found Music File: Oru Pushpam Pol - Gayathri Asokan.m4a
2024-02-27T09:58:48.643Z [info]: Found Music File: Pilarnoru Paaraye - Sreya Anna Joseph.m4a
2024-02-27T09:58:48.643Z [info]: Found Music File: Saadhuvenne Kaividathe - Malayalam Christian Devotional Songs - Riya Das.m4a
2024-02-27T09:58:48.643Z [info]: Found Music File: Shudhar Sthuthikkum Veede - K. G. Markose.m4a
2024-02-27T09:58:48.643Z [info]: Found Music File: Sneham Neduvan - M. G. Sreekumar.m4a
2024-02-27T09:58:48.643Z [info]: Found Music File: Srushtavam Daivamangu - Don Valiyavelicham, Kester.m4a
2024-02-27T09:58:48.643Z [info]: Found Music File: Sthothram En Paripalaka - Sadhu Kochu Kunju Upadesi.m4a
2024-02-27T09:58:48.643Z [info]: Found Music File: Sthuthikkum Njanennum Sthuthikkum Njan - Christian Devotional Song - Mithila Michael.m4a
2024-02-27T09:58:48.643Z [info]: Found Music File: Thakarnnu Nurungiya Hrudhayam - Don Valiyavelicham, V.J Traven.m4a
2024-02-27T09:58:48.643Z [info]: Found Music File: Thangum Karangal - Sreya Anna Joseph.m4a
2024-02-27T09:58:48.643Z [info]: Found Music File: Thank Kara Viruthinaal - Don Valiyavelicham, Jyolsna.m4a
2024-02-27T09:58:48.643Z [info]: Found Music File: Ushakaalam - Sadhu Kochu Kunju Upadesi.m4a
2024-02-27T09:58:48.643Z [info]: Found Music File: Uyartheedum Njan Kankal - Don Valiyavelicham, Tom Philip Thomas.m4a
2024-02-27T09:58:48.643Z [info]: Found Music File: Vaana Viravil Naadhan - Don Valiyavelicham, Blesson Memana.m4a
2024-02-27T09:58:48.643Z [info]: Found Music File: Varuvin Yeshuvin Arikil - Don Valiyavelicham, Aju Philip.m4a
2024-02-27T09:58:48.643Z [info]: Found Music File: Vishramanaattil - Sadhu Kochu Kunju Upadesi.m4a
2024-02-27T09:58:48.643Z [info]: Found Music File: Yehovah Yireh - Stephen Jebakumar, Catherine Ebenesar.m4a
2024-02-27T09:58:48.643Z [info]: Found Music File: Yeshu En Adisthanam - Sreya Anna Joseph.m4a
2024-02-27T09:58:48.643Z [info]: Found Music File: Yeshu Kathavai Thiranthal - Don Valiyavelicham, Steven Samuel Devassy.m4a
2024-02-27T09:58:48.643Z [info]: Found Music File: Yeshu Mere Jeeven - Don Valiyavelicham, Shirin George.m4a
2024-02-27T09:58:48.643Z [info]: Found Music File: Yeshu Nadha Neethisoorya - Sreya Anna Joseph.m4a
2024-02-27T09:58:48.643Z [info]: Found Music File: Yeshurajan - Arun Vishwanath.m4a
2024-02-27T09:58:48.643Z [info]: Found Music File: Yeshuve Aaradhyane - Don Valiyavelicham, Hephzibha Susan Renjith.m4a
2024-02-27T09:58:48.643Z [info]: Found Music File: Yeshuve En Jeevane - Don Valiyavelicham, Shirin George.m4a
2024-02-27T09:58:48.644Z [info]: Found Music File: Yeshuve Yeshuve - K. S. Chithra.m4a
2024-02-27T09:58:48.644Z [info]: Found Music File: Yeshuvin Saakshikal Naam - Don Valiyavelicham, Tom Philip Thomas.m4a
2024-02-27T09:58:48.644Z [info]: Found Music File: Yesuvin Rekthama - Abhijith Kollam.m4a
2024-02-27T09:58:48.644Z [info]: Found Music File: Husn - Anuv Jain.m4a
2024-02-27T09:58:48.644Z [info]: Found Music File: Waqt Ki Baatein - Dream Note.m4a
2024-02-27T09:58:48.645Z [info]: Found Music File: 01 Amnesia.m4a
2024-02-27T09:58:48.645Z [info]: Found Music File: 02 Daylight.m4a
2024-02-27T09:58:48.645Z [info]: Found Music File: 03 American Idiot.m4a
2024-02-27T09:58:48.645Z [info]: Found Music File: 04 Amnesia (Live At Wembley).m4a
2024-02-27T09:58:48.645Z [info]: Found Music File: A2 - Hounds of Love.flac
2024-02-27T09:58:48.645Z [info]: Found Music File: 1-03 Yesuvin Rekthama.m4a
2024-02-27T09:58:48.646Z [info]: Found Music File: 1-10 Yeshurajan.m4a
2024-02-27T09:58:48.646Z [info]: Found Music File: 1-02 Aasayattuzhannavare.m4a
2024-02-27T09:58:48.646Z [info]: Found Music File: 01 Sunrise.mp3
2024-02-27T09:58:48.646Z [info]: Found Music File: 02 Church.mp3
2024-02-27T09:58:48.646Z [info]: Found Music File: 03 Trouble In Town.mp3
2024-02-27T09:58:48.646Z [info]: Found Music File: 04 BrokEn.mp3
2024-02-27T09:58:48.646Z [info]: Found Music File: 05 Daddy.mp3
2024-02-27T09:58:48.646Z [info]: Found Music File: 06 WOTW_POTP.mp3
2024-02-27T09:58:48.646Z [info]: Found Music File: 07 Arabesque.mp3
2024-02-27T09:58:48.646Z [info]: Found Music File: 08 When I Need A Friend.mp3
2024-02-27T09:58:48.646Z [info]: Found Music File: 09 Sunrise_Sunset Interlude #1.mp3
2024-02-27T09:58:48.646Z [info]: Found Music File: 10 Sunrise_Sunset Interlude #2.mp3
2024-02-27T09:58:48.646Z [info]: Found Music File: 11 Sunrise_Sunset Interlude #3.mp3
2024-02-27T09:58:48.646Z [info]: Found Music File: 12 Sunrise_Sunset Interlude #4.mp3
2024-02-27T09:58:48.646Z [info]: Found Music File: 13 Sunrise_Sunset Interlude #5.mp3
2024-02-27T09:58:48.646Z [info]: Found Music File: 14 Sunrise_Sunset Interlude #6.mp3
2024-02-27T09:58:48.646Z [info]: Found Music File: 15 Guns.mp3
2024-02-27T09:58:48.646Z [info]: Found Music File: 16 Orphans.mp3
2024-02-27T09:58:48.646Z [info]: Found Music File: 17 Eko.mp3
2024-02-27T09:58:48.646Z [info]: Found Music File: 18 Cry Cry Cry.mp3
2024-02-27T09:58:48.646Z [info]: Found Music File: 19 Old Friends.mp3
2024-02-27T09:58:48.646Z [info]: Found Music File: 20 Bani Adam.mp3
2024-02-27T09:58:48.647Z [info]: Found Music File: 21 Champion Of The World.mp3
2024-02-27T09:58:48.647Z [info]: Found Music File: 22 Everyday Life.mp3
2024-02-27T09:58:48.647Z [info]: Found Music File: 02 Magic.mp3
2024-02-27T09:58:48.647Z [info]: Found Music File: 03 Ink.mp3
2024-02-27T09:58:48.647Z [info]: Found Music File: 04 True Love.mp3
2024-02-27T09:58:48.647Z [info]: Found Music File: 05 Midnight.mp3
2024-02-27T09:58:48.647Z [info]: Found Music File: 06 Another's Arms.mp3
2024-02-27T09:58:48.647Z [info]: Found Music File: 07 Oceans.mp3
2024-02-27T09:58:48.647Z [info]: Found Music File: 08 A Sky Full of Stars.mp3
2024-02-27T09:58:48.647Z [info]: Found Music File: 09 O.mp3
2024-02-27T09:58:48.647Z [info]: Found Music File: 10 All Your Friends.mp3
2024-02-27T09:58:48.647Z [info]: Found Music File: 11 Ghost Story.mp3
2024-02-27T09:58:48.647Z [info]: Found Music File: 12 O (Part 2_Reprise).mp3
2024-02-27T09:58:48.647Z [info]: Found Music File: 01 Always In My Head.mp3
2024-02-27T09:58:48.647Z [info]: Found Music File: 1-05 Ha Enthanentham.m4a
2024-02-27T09:58:48.647Z [info]: Found Music File: 1-06 En Prema Geethamam.m4a
2024-02-27T09:58:48.647Z [info]: Found Music File: 1-09 Nanni Nanni En Daivame.m4a
2024-02-27T09:58:48.648Z [info]: Found Music File: 1-16 Enneshuve Enneshuve.m4a
2024-02-27T09:58:48.648Z [info]: Found Music File: 1-01 Varuvin Yeshuvin Arikil.m4a
2024-02-27T09:58:48.648Z [info]: Found Music File: 1-02 Daiva Pithave.m4a
2024-02-27T09:58:48.648Z [info]: Found Music File: 1-22 Lesana Kariyam.m4a
2024-02-27T09:58:48.648Z [info]: Found Music File: 1-23 Neerillatha Naalellam.m4a
2024-02-27T09:58:48.648Z [info]: Found Music File: 1-07 Ennullam Ninnilay.m4a
2024-02-27T09:58:48.649Z [info]: Found Music File: 1-04 Neeyente Sarvavum.m4a
2024-02-27T09:58:48.649Z [info]: Found Music File: 1-13 Eeloka Yathrayil.m4a
2024-02-27T09:58:48.649Z [info]: Found Music File: 1-24 Vaana Viravil Naadhan.m4a
2024-02-27T09:58:48.649Z [info]: Found Music File: 1-31 Yeshuve Aaradhyane.m4a
2024-02-27T09:58:48.649Z [info]: Found Music File: 1-08 Manam Thakarunna.m4a
2024-02-27T09:58:48.649Z [info]: Found Music File: 1-20 Jeevante Uravidamam Naadha.m4a
2024-02-27T09:58:48.649Z [info]: Found Music File: 1-19 Gethsamanayil Kandidunnitha.m4a
2024-02-27T09:58:48.650Z [info]: Found Music File: 1-21 Thank Kara Viruthinaal.m4a
2024-02-27T09:58:48.650Z [info]: Found Music File: 1-15 Ene Marodu Cherkkunna Sneham.m4a
2024-02-27T09:58:48.650Z [info]: Found Music File: 1-26 Srushtavam Daivamangu.m4a
2024-02-27T09:58:48.650Z [info]: Found Music File: 1-18 Gathsaman Thottathil.m4a
2024-02-27T09:58:48.650Z [info]: Found Music File: 1-14 Enne Karuthunna Karam.m4a
2024-02-27T09:58:48.650Z [info]: Found Music File: 1-30 Yeshu Mere Jeeven.m4a
2024-02-27T09:58:48.650Z [info]: Found Music File: 1-32 Yeshuve En Jeevane.m4a
2024-02-27T09:58:48.650Z [info]: Found Music File: 1-11 Dukhathinte Paana Paathram.m4a
2024-02-27T09:58:48.650Z [info]: Found Music File: 1-03 Nalla Devane.m4a
2024-02-27T09:58:48.650Z [info]: Found Music File: 1-25 Dhanyavad Ke Saath.m4a
2024-02-27T09:58:48.650Z [info]: Found Music File: 1-29 Yeshu Kathavai Thiranthal.m4a
2024-02-27T09:58:48.650Z [info]: Found Music File: 1-10 Njan Kaanum Prana Nadhane.m4a
2024-02-27T09:58:48.650Z [info]: Found Music File: 1-12 Yeshuvin Saakshikal Naam.m4a
2024-02-27T09:58:48.650Z [info]: Found Music File: 1-28 Uyartheedum Njan Kankal.m4a
2024-02-27T09:58:48.651Z [info]: Found Music File: 1-27 Thakarnnu Nurungiya Hrudhayam.m4a
2024-02-27T09:58:48.651Z [info]: Found Music File: 1-09 Enthu Vannaalum.m4a
2024-02-27T09:58:48.651Z [info]: Found Music File: 1-06 Ennum Nallavan.m4a
2024-02-27T09:58:48.651Z [info]: Found Music File: 1-09 Israyelin Daivame Nee.m4a
2024-02-27T09:58:48.651Z [info]: Found Music File: 1-05 Oru Pushpam Pol.m4a
2024-02-27T09:58:48.651Z [info]: Found Music File: 1-07 Athyunnathanam Daivathin Maravil.m4a
2024-02-27T09:58:48.651Z [info]: Found Music File: 1-03 Shudhar Sthuthikkum Veede.m4a
2024-02-27T09:58:48.651Z [info]: Found Music File: 1-10 Yeshuve Yeshuve.m4a
2024-02-27T09:58:48.651Z [info]: Found Music File: 01 Running Up That Hill (A Deal With God).mp3
2024-02-27T09:58:48.651Z [info]: Found Music File: 1-01 Kumbittaraadhichidaam.m4a
2024-02-27T09:58:48.651Z [info]: Found Music File: 1-03 O Snehame.m4a
2024-02-27T09:58:48.651Z [info]: Found Music File: 1-08 Devadhi Devasuthan.m4a
2024-02-27T09:58:48.652Z [info]: Found Music File: 1-07 Sneham Neduvan.m4a
2024-02-27T09:58:48.652Z [info]: Found Music File: 1-06 Naam Sevichu Nilkkunna.m4a
2024-02-27T09:58:48.652Z [info]: Found Music File: 1-05 Anugrahathin Adhipathiye.m4a
2024-02-27T09:58:48.652Z [info]: Found Music File: 1-02 Sthuthikkum Njanennum Sthuthikkum Njan - Christian Devotional Song.m4a
2024-02-27T09:58:48.652Z [info]: Found Music File: 1-04 Enne Karuthuvan Kaakkuvan.m4a
2024-02-27T09:58:48.652Z [info]: Found Music File: 1-01 Saadhuvenne Kaividathe - Malayalam Christian Devotional Songs.m4a
2024-02-27T09:58:48.652Z [info]: Found Music File: 1-01 Anandamundenikku.m4a
2024-02-27T09:58:48.652Z [info]: Found Music File: 1-02 Ushakaalam.m4a
2024-02-27T09:58:48.652Z [info]: Found Music File: 1-03 Daivam Sakalavum.m4a
2024-02-27T09:58:48.652Z [info]: Found Music File: 1-04 Vishramanaattil.m4a
2024-02-27T09:58:48.652Z [info]: Found Music File: 1-05 Ente Sambathennu.m4a
2024-02-27T09:58:48.652Z [info]: Found Music File: 1-06 Ente Daivam Mahathwathin.m4a
2024-02-27T09:58:48.652Z [info]: Found Music File: 1-07 En Priya Rakshakane.m4a
2024-02-27T09:58:48.652Z [info]: Found Music File: 1-08 Sthothram En Paripalaka.m4a
2024-02-27T09:58:48.652Z [info]: Found Music File: 1-09 Dhukhathinte Panapatram.m4a
2024-02-27T09:58:48.652Z [info]: Found Music File: 1-01 Jehovah Jireh.m4a
2024-02-27T09:58:48.652Z [info]: Found Music File: 1-04 Enne Nadathunnavan.m4a
2024-02-27T09:58:48.652Z [info]: Found Music File: 1-08 Kottakal Thakarneedum.m4a
2024-02-27T09:58:48.653Z [info]: Found Music File: 1-01 Ente Sambath Ennu Cholluvaan.m4a
2024-02-27T09:58:48.653Z [info]: Found Music File: 1-02 Yeshu En Adisthanam.m4a
2024-02-27T09:58:48.653Z [info]: Found Music File: 1-03 Enni Enni Sthuthikuvaan.m4a
2024-02-27T09:58:48.653Z [info]: Found Music File: 1-04 Thangum Karangal.m4a
2024-02-27T09:58:48.653Z [info]: Found Music File: 1-05 Azhalerum Jeevitha Maruvil.m4a
2024-02-27T09:58:48.653Z [info]: Found Music File: 1-06 Yeshu Nadha Neethisoorya.m4a
2024-02-27T09:58:48.653Z [info]: Found Music File: 1-07 Pilarnoru Paaraye.m4a
2024-02-27T09:58:48.653Z [info]: Found Music File: 1-08 Kunjattin Thiru Rakthathal.m4a
2024-02-27T09:58:48.653Z [info]: Found Music File: 1-01 Aadharam Neer.m4a
2024-02-27T09:58:48.653Z [info]: Found Music File: 1-01 Yehovah Yireh.m4a
2024-02-27T09:58:48.653Z [info]: Found Music File: Over the Horizon 2018.mp3
2024-02-27T09:58:48.665Z [error]: Unexpected Error Occurred. Possibly Permission Denied for Photos Library (Deprecated).photoslibrary
2024-02-27T09:58:48.665Z [error]: Unexpected Error Occurred. Possibly Permission Denied for Photos Library.photoslibrary
2024-02-27T09:58:50.312Z [error]: An internal error occurred while getting metadata. Further Investigation Required. Traceback at musicMetaData on {"type":"tagFormat","info":"No suitable tag reader found"}
2024-02-27T09:58:50.315Z [error]: An internal error occurred while getting metadata. Further Investigation Required. Traceback at musicMetaData on {"type":"tagFormat","info":"No suitable tag reader found"}
2024-02-27T09:58:50.782Z [info]: Saved Music File: finished
2024-02-27T09:58:50.791Z [info]: Saved Music File: Chastity_Belt_-_01_-_Cadaver
2024-02-27T09:58:50.837Z [info]: Saved Music File: My Movie
2024-02-27T09:58:50.921Z [info]: Saved Music File: null
2024-02-27T09:58:50.925Z [info]: Saved Music File: null
2024-02-27T09:58:51.959Z [info]: Saved Music File: Sunrise
2024-02-27T09:58:51.964Z [info]: Saved Music File: Trouble In Town
2024-02-27T09:58:52.078Z [info]: Saved Music File: Church
2024-02-27T09:58:52.081Z [info]: Saved Music File: Daddy
2024-02-27T09:58:52.083Z [info]: Saved Music File: BrokEn
2024-02-27T09:58:52.085Z [info]: Saved Music File: WOTW/POTP
2024-02-27T09:58:52.086Z [info]: Saved Music File: Sunrise/Sunset Interlude #1
2024-02-27T09:58:52.088Z [info]: Saved Music File: When I Need A Friend
2024-02-27T09:58:52.091Z [info]: Saved Music File: Sunrise/Sunset Interlude #2
2024-02-27T09:58:52.093Z [info]: Saved Music File: Arabesque
2024-02-27T09:58:52.096Z [info]: Saved Music File: Sunrise/Sunset Interlude #5
2024-02-27T09:58:52.097Z [info]: Saved Music File: Guns
2024-02-27T09:58:52.099Z [info]: Saved Music File: Sunrise/Sunset Interlude #4
2024-02-27T09:58:52.101Z [info]: Saved Music File: Orphans
2024-02-27T09:58:52.105Z [info]: Saved Music File: Sunrise/Sunset Interlude #6
2024-02-27T09:58:52.109Z [info]: Saved Music File: Eko
2024-02-27T09:58:52.114Z [info]: Saved Music File: Champion Of The World
2024-02-27T09:58:52.116Z [info]: Saved Music File: Cry Cry Cry
2024-02-27T09:58:52.118Z [info]: Saved Music File: Ink
2024-02-27T09:58:52.120Z [info]: Saved Music File: Sunrise/Sunset Interlude #3
2024-02-27T09:58:52.121Z [info]: Saved Music File: Bani Adam
2024-02-27T09:58:52.124Z [info]: Saved Music File: Old Friends
2024-02-27T09:58:52.127Z [info]: Saved Music File: Everyday Life
2024-02-27T09:58:52.129Z [info]: Saved Music File: Magic
2024-02-27T09:58:52.131Z [info]: Saved Music File: Midnight
2024-02-27T09:58:52.132Z [info]: Saved Music File: True Love
2024-02-27T09:58:52.134Z [info]: Saved Music File: Another's Arms
2024-02-27T09:58:52.136Z [info]: Saved Music File: A Sky Full of Stars
2024-02-27T09:58:52.138Z [info]: Saved Music File: Oceans
2024-02-27T09:58:52.139Z [info]: Saved Music File: All Your Friends
2024-02-27T09:58:52.142Z [info]: Saved Music File: O
2024-02-27T09:58:52.144Z [info]: Saved Music File: O (Part 2/Reprise)
2024-02-27T09:58:52.146Z [info]: Saved Music File: Ghost Story
2024-02-27T09:58:52.147Z [info]: Saved Music File: Always In My Head
2024-02-27T09:58:52.149Z [info]: Saved Music File: Running Up That Hill (A Deal With God)
2024-02-27T09:58:52.150Z [info]: Saved Music File: null
2024-02-27T09:58:52.151Z [info]: Saved Music File: null
2024-02-27T09:58:52.153Z [info]: Saved Music File: null
2024-02-27T09:58:52.154Z [info]: Saved Music File: null
2024-02-27T09:58:52.155Z [info]: Saved Music File: null
2024-02-27T09:58:52.155Z [info]: Saved Music File: null
2024-02-27T09:58:52.157Z [info]: Saved Music File: null
2024-02-27T09:58:52.166Z [info]: Saved Music File: Hounds of Love
2024-02-27T09:58:52.168Z [info]: Saved Music File: Anugrahathin Adhipathiye
2024-02-27T09:58:52.169Z [info]: Saved Music File: Aasayattuzhannavare
2024-02-27T09:58:52.170Z [info]: Saved Music File: null
2024-02-27T09:58:52.170Z [info]: Saved Music File: null
2024-02-27T09:58:52.171Z [info]: Saved Music File: null
2024-02-27T09:58:52.173Z [info]: Saved Music File: Azhalerum Jeevitha Maruvil
2024-02-27T09:58:52.175Z [info]: Saved Music File: Anandamundenikku
2024-02-27T09:58:52.178Z [info]: Saved Music File: Daiva Pithave
2024-02-27T09:58:52.180Z [info]: Saved Music File: Daivam Sakalavum
2024-02-27T09:58:52.181Z [info]: Saved Music File: Athyunnathanam Daivathin Maravil
2024-02-27T09:58:52.183Z [info]: Saved Music File: Dhanyavad Ke Saath
2024-02-27T09:58:52.185Z [info]: Saved Music File: Devadhi Devasuthan
2024-02-27T09:58:52.186Z [info]: Saved Music File: En Prema Geethamam
2024-02-27T09:58:52.188Z [info]: Saved Music File: Dukhathinte Paana Paathram
2024-02-27T09:58:52.190Z [info]: Saved Music File: Dhukhathinte Panapatram
2024-02-27T09:58:52.192Z [info]: Saved Music File: Eeloka Yathrayil
2024-02-27T09:58:52.194Z [info]: Saved Music File: En Priya Rakshakane
2024-02-27T09:58:52.195Z [info]: Saved Music File: Enne Karuthuvan Kaakkuvan
2024-02-27T09:58:52.197Z [info]: Saved Music File: Enne Karuthunna Karam
2024-02-27T09:58:52.199Z [info]: Saved Music File: Ene Marodu Cherkkunna Sneham
2024-02-27T09:58:52.201Z [info]: Saved Music File: Ennum Nallavan
2024-02-27T09:58:52.202Z [info]: Saved Music File: Enneshuve Enneshuve
2024-02-27T09:58:52.204Z [info]: Saved Music File: Ennullam Ninnilay
2024-02-27T09:58:52.205Z [info]: Saved Music File: Ente Daivam Mahathwathin
2024-02-27T09:58:52.207Z [info]: Saved Music File: Ente Sambath Ennu Cholluvaan
2024-02-27T09:58:52.208Z [info]: Saved Music File: Israyelin Daivame Nee
2024-02-27T09:58:52.210Z [info]: Saved Music File: Enthu Vannaalum
2024-02-27T09:58:52.212Z [info]: Saved Music File: Ente Sambathennu
2024-02-27T09:58:52.213Z [info]: Saved Music File: Gathsaman Thottathil
2024-02-27T09:58:52.214Z [info]: Saved Music File: Gethsamanayil Kandidunnitha
2024-02-27T09:58:52.216Z [info]: Saved Music File: Enni Enni Sthuthikuvaan
2024-02-27T09:58:52.217Z [info]: Saved Music File: Ha Enthanentham
2024-02-27T09:58:52.219Z [info]: Saved Music File: Jeevante Uravidamam Naadha
2024-02-27T09:58:52.221Z [info]: Saved Music File: Enne Nadathunnavan
2024-02-27T09:58:52.222Z [info]: Saved Music File: Lesana Kariyam
2024-02-27T09:58:52.224Z [info]: Saved Music File: Manam Thakarunna
2024-02-27T09:58:52.225Z [info]: Saved Music File: Kunjattin Thiru Rakthathal
2024-02-27T09:58:52.227Z [info]: Saved Music File: Naam Sevichu Nilkkunna
2024-02-27T09:58:52.229Z [info]: Saved Music File: Neerillatha Naalellam
2024-02-27T09:58:52.230Z [info]: Saved Music File: Kottakal Thakarneedum
2024-02-27T09:58:52.232Z [info]: Saved Music File: Nanni Nanni En Daivame
2024-02-27T09:58:52.233Z [info]: Saved Music File: Njan Kaanum Prana Nadhane
2024-02-27T09:58:52.235Z [info]: Saved Music File: Nalla Devane
2024-02-27T09:58:52.237Z [info]: Saved Music File: Kumbittaraadhichidaam
2024-02-27T09:58:52.238Z [info]: Saved Music File: Neeyente Sarvavum
2024-02-27T09:58:52.240Z [info]: Saved Music File: Saadhuvenne Kaividathe - Malayalam Christian Devotional Songs
2024-02-27T09:58:52.241Z [info]: Saved Music File: Oru Pushpam Pol
2024-02-27T09:58:52.244Z [info]: Saved Music File: Pilarnoru Paaraye
2024-02-27T09:58:52.245Z [info]: Saved Music File: Sneham Neduvan
2024-02-27T09:58:52.247Z [info]: Saved Music File: Sthothram En Paripalaka
2024-02-27T09:58:52.248Z [info]: Saved Music File: Sthuthikkum Njanennum Sthuthikkum Njan - Christian Devotional Song
2024-02-27T09:58:52.250Z [info]: Saved Music File: Thank Kara Viruthinaal
2024-02-27T09:58:52.251Z [info]: Saved Music File: Srushtavam Daivamangu
2024-02-27T09:58:52.253Z [info]: Saved Music File: O Snehame
2024-02-27T09:58:52.254Z [info]: Saved Music File: Thangum Karangal
2024-02-27T09:58:52.256Z [info]: Saved Music File: Yeshu En Adisthanam
2024-02-27T09:58:52.257Z [info]: Saved Music File: Uyartheedum Njan Kankal
2024-02-27T09:58:52.259Z [info]: Saved Music File: Shudhar Sthuthikkum Veede
2024-02-27T09:58:52.260Z [info]: Saved Music File: Ushakaalam
2024-02-27T09:58:52.262Z [info]: Saved Music File: Vaana Viravil Naadhan
2024-02-27T09:58:52.263Z [info]: Saved Music File: Vishramanaattil
2024-02-27T09:58:52.265Z [info]: Saved Music File: Thakarnnu Nurungiya Hrudhayam
2024-02-27T09:58:52.267Z [info]: Saved Music File: Yeshu Nadha Neethisoorya
2024-02-27T09:58:52.268Z [info]: Saved Music File: Varuvin Yeshuvin Arikil
2024-02-27T09:58:52.269Z [info]: Saved Music File: Yeshuve Aaradhyane
2024-02-27T09:58:52.271Z [info]: Saved Music File: Yeshu Mere Jeeven
2024-02-27T09:58:52.272Z [info]: Saved Music File: Yeshurajan
2024-02-27T09:58:52.273Z [info]: Saved Music File: Yeshu Kathavai Thiranthal
2024-02-27T09:58:52.275Z [info]: Saved Music File: Yeshuvin Saakshikal Naam
2024-02-27T09:58:52.277Z [info]: Saved Music File: Waqt Ki Baatein
2024-02-27T09:58:52.279Z [info]: Saved Music File: Yeshuve Yeshuve
2024-02-27T09:58:52.280Z [info]: Saved Music File: Yeshuve En Jeevane
2024-02-27T09:58:52.282Z [info]: Saved Music File: Husn
2024-02-27T09:58:52.283Z [info]: Saved Music File: Yeshurajan
2024-02-27T09:58:52.285Z [info]: Saved Music File: Yesuvin Rekthama
2024-02-27T09:58:52.286Z [info]: Saved Music File: Yesuvin Rekthama
2024-02-27T09:58:52.287Z [info]: Saved Music File: En Prema Geethamam
2024-02-27T09:58:52.287Z [info]: Saved Music File: Nanni Nanni En Daivame
2024-02-27T09:58:52.288Z [info]: Saved Music File: Enneshuve Enneshuve
2024-02-27T09:58:52.289Z [info]: Saved Music File: Aasayattuzhannavare
2024-02-27T09:58:52.291Z [info]: Saved Music File: Vaana Viravil Naadhan
2024-02-27T09:58:52.293Z [info]: Saved Music File: Ennullam Ninnilay
2024-02-27T09:58:52.294Z [info]: Saved Music File: Ha Enthanentham
2024-02-27T09:58:52.295Z [info]: Saved Music File: Neeyente Sarvavum
2024-02-27T09:58:52.296Z [info]: Saved Music File: Yeshuve Aaradhyane
2024-02-27T09:58:52.298Z [info]: Saved Music File: Varuvin Yeshuvin Arikil
2024-02-27T09:58:52.300Z [info]: Saved Music File: Eeloka Yathrayil
2024-02-27T09:58:52.301Z [info]: Saved Music File: Lesana Kariyam
2024-02-27T09:58:52.303Z [info]: Saved Music File: Gethsamanayil Kandidunnitha
2024-02-27T09:58:52.304Z [info]: Saved Music File: Manam Thakarunna
2024-02-27T09:58:52.304Z [info]: Saved Music File: Daiva Pithave
2024-02-27T09:58:52.306Z [info]: Saved Music File: Neerillatha Naalellam
2024-02-27T09:58:52.307Z [info]: Saved Music File: Gathsaman Thottathil
2024-02-27T09:58:52.309Z [info]: Saved Music File: Enne Karuthunna Karam
2024-02-27T09:58:52.310Z [info]: Saved Music File: Yeshu Mere Jeeven
2024-02-27T09:58:52.312Z [info]: Saved Music File: Dhanyavad Ke Saath
2024-02-27T09:58:52.313Z [info]: Saved Music File: Dukhathinte Paana Paathram
2024-02-27T09:58:52.313Z [info]: Saved Music File: Srushtavam Daivamangu
2024-02-27T09:58:52.315Z [info]: Saved Music File: Jeevante Uravidamam Naadha
2024-02-27T09:58:52.316Z [info]: Saved Music File: Ene Marodu Cherkkunna Sneham
2024-02-27T09:58:52.318Z [info]: Saved Music File: Yeshuvin Saakshikal Naam
2024-02-27T09:58:52.319Z [info]: Saved Music File: Yeshuve En Jeevane
2024-02-27T09:58:52.321Z [info]: Saved Music File: Thank Kara Viruthinaal
2024-02-27T09:58:52.322Z [info]: Saved Music File: Thakarnnu Nurungiya Hrudhayam
2024-02-27T09:58:52.323Z [info]: Saved Music File: Nalla Devane
2024-02-27T09:58:52.325Z [info]: Saved Music File: Yeshu Kathavai Thiranthal
2024-02-27T09:58:52.326Z [info]: Saved Music File: Ennum Nallavan
2024-02-27T09:58:52.328Z [info]: Saved Music File: Enthu Vannaalum
2024-02-27T09:58:52.332Z [info]: Saved Music File: Yeshuve Yeshuve
2024-02-27T09:58:52.333Z [info]: Saved Music File: Kumbittaraadhichidaam
2024-02-27T09:58:52.335Z [info]: Saved Music File: Oru Pushpam Pol
2024-02-27T09:58:52.336Z [info]: Saved Music File: Uyartheedum Njan Kankal
2024-02-27T09:58:52.337Z [info]: Saved Music File: Njan Kaanum Prana Nadhane
2024-02-27T09:58:52.338Z [info]: Saved Music File: Athyunnathanam Daivathin Maravil
2024-02-27T09:58:52.340Z [info]: Saved Music File: Israyelin Daivame Nee
2024-02-27T09:58:52.341Z [info]: Saved Music File: Naam Sevichu Nilkkunna
2024-02-27T09:58:52.343Z [info]: Saved Music File: Sneham Neduvan
2024-02-27T09:58:52.345Z [info]: Saved Music File: Devadhi Devasuthan
2024-02-27T09:58:52.346Z [info]: Saved Music File: O Snehame
2024-02-27T09:58:52.348Z [info]: Saved Music File: Anugrahathin Adhipathiye
2024-02-27T09:58:52.350Z [info]: Saved Music File: Shudhar Sthuthikkum Veede
2024-02-27T09:58:52.351Z [info]: Saved Music File: Sthuthikkum Njanennum Sthuthikkum Njan - Christian Devotional Song
2024-02-27T09:58:52.353Z [info]: Saved Music File: Enne Karuthuvan Kaakkuvan
2024-02-27T09:58:52.354Z [info]: Saved Music File: Ente Sambathennu
2024-02-27T09:58:52.355Z [info]: Saved Music File: Anandamundenikku
2024-02-27T09:58:52.356Z [info]: Saved Music File: Vishramanaattil
2024-02-27T09:58:52.358Z [info]: Saved Music File: Saadhuvenne Kaividathe - Malayalam Christian Devotional Songs
2024-02-27T09:58:52.359Z [info]: Saved Music File: Daivam Sakalavum
2024-02-27T09:58:52.361Z [info]: Saved Music File: En Priya Rakshakane
2024-02-27T09:58:52.361Z [info]: Saved Music File: Ushakaalam
2024-02-27T09:58:52.362Z [info]: Saved Music File: Ente Daivam Mahathwathin
2024-02-27T09:58:52.363Z [info]: Saved Music File: Dhukhathinte Panapatram
2024-02-27T09:58:52.364Z [info]: Saved Music File: Sthothram En Paripalaka
2024-02-27T09:58:52.365Z [info]: Saved Music File: Ente Sambath Ennu Cholluvaan
2024-02-27T09:58:52.367Z [info]: Saved Music File: Enni Enni Sthuthikuvaan
2024-02-27T09:58:52.370Z [info]: Saved Music File: Kottakal Thakarneedum
2024-02-27T09:58:52.375Z [info]: Saved Music File: Thangum Karangal
2024-02-27T09:58:52.382Z [info]: Saved Music File: Yeshu En Adisthanam
2024-02-27T09:58:52.385Z [info]: Saved Music File: Enne Nadathunnavan
2024-02-27T09:58:52.386Z [info]: Saved Music File: Yeshu Nadha Neethisoorya
2024-02-27T09:58:52.387Z [info]: Saved Music File: Kunjattin Thiru Rakthathal
2024-02-27T09:58:52.387Z [info]: Saved Music File: Azhalerum Jeevitha Maruvil
2024-02-27T09:58:52.388Z [info]: Saved Music File: Pilarnoru Paaraye
2024-02-27T09:58:52.394Z [info]: Saved Music File: Amnesia (Live At Wembley)
2024-02-27T09:58:52.397Z [info]: Saved Music File: Amnesia
2024-02-27T09:58:52.399Z [info]: Saved Music File: American Idiot
2024-02-27T09:58:52.402Z [info]: Saved Music File: Daylight
2024-02-27T09:58:52.464Z [info]: Deleted all music files except for 195 
2024-02-27T09:58:52.464Z [info]: Music Sync Completed
2024-02-27T09:58:54.557Z [info]: http connection established by HOST:127.0.0.1
2024-02-27T09:58:54.920Z [error]: Access requested denied due to Error 404
2024-02-27T09:58:54.961Z [error]: Access requested denied due to Error 404
2024-02-27T09:58:54.987Z [error]: Access requested denied due to Error 404 to /false
2024-02-27T09:59:03.684Z [info]: http connection established by HOST:127.0.0.1
2024-02-27T09:59:04.051Z [error]: Access requested denied due to Error 404
2024-02-27T09:59:04.092Z [error]: Access requested denied due to Error 404
2024-02-27T09:59:04.119Z [error]: Access requested denied due to Error 404 to /false
2024-02-27T09:59:37.455Z [info]: Portifolio app is online and is active at PORT:80
2024-02-27T09:59:37.457Z [info]: Connected to database
2024-02-27T09:59:39.712Z [info]: http connection established by HOST:127.0.0.1
2024-02-27T09:59:40.051Z [error]: Access requested denied due to Error 404
2024-02-27T09:59:40.130Z [error]: Access requested denied due to Error 404
2024-02-27T09:59:40.187Z [error]: Access requested denied due to Error 404 to /false
2024-02-27T10:00:01.165Z [info]: http connection established by HOST:127.0.0.1
2024-02-27T10:00:01.501Z [error]: Access requested denied due to Error 404
2024-02-27T10:00:01.579Z [error]: Access requested denied due to Error 404
2024-02-27T10:00:01.602Z [error]: Access requested denied due to Error 404 to /false
2024-02-27T10:00:14.909Z [info]: Portifolio app is online and is active at PORT:80
2024-02-27T10:00:14.912Z [info]: Connected to database
2024-02-27T10:00:15.488Z [info]: http connection established by HOST:127.0.0.1
2024-02-27T10:00:15.820Z [error]: Access requested denied due to Error 404
2024-02-27T10:00:15.883Z [error]: Access requested denied due to Error 404
2024-02-27T10:00:15.936Z [error]: Access requested denied due to Error 404 to /false
2024-02-27T10:00:26.929Z [info]: Portifolio app is online and is active at PORT:80
2024-02-27T10:00:26.931Z [info]: Connected to database
2024-02-27T10:00:28.160Z [info]: http connection established by HOST:127.0.0.1
2024-02-27T10:00:28.512Z [error]: Access requested denied due to Error 404
2024-02-27T10:00:28.570Z [error]: Access requested denied due to Error 404 to //api/sync
2024-02-27T10:00:28.576Z [error]: Access requested denied due to Error 404 to /false
2024-02-27T10:00:39.146Z [error]: Access requested denied due to Error 404 to //api/sync
2024-02-27T10:00:40.688Z [error]: Access requested denied due to Error 404 to //api/sync
2024-02-27T10:00:41.195Z [error]: Access requested denied due to Error 404 to //api/sync
2024-02-27T10:00:46.846Z [error]: Access requested denied due to Error 404 to //api/sync
2024-02-27T10:00:47.416Z [error]: Access requested denied due to Error 404 to //api/sync
2024-02-27T10:00:47.612Z [error]: Access requested denied due to Error 404 to //api/sync
2024-02-27T10:00:47.803Z [error]: Access requested denied due to Error 404 to //api/sync
2024-02-27T10:00:47.970Z [error]: Access requested denied due to Error 404 to //api/sync
2024-02-27T10:00:48.150Z [error]: Access requested denied due to Error 404 to //api/sync
2024-02-27T10:00:59.892Z [info]: Portifolio app is online and is active at PORT:80
2024-02-27T10:00:59.894Z [info]: Connected to database
2024-02-27T10:01:00.949Z [info]: Attempting to sync music data from local system
2024-02-27T10:01:01.323Z [info]: Found Music File: Portion.mp3
2024-02-27T10:01:03.239Z [info]: Found Music File: finished.wav
2024-02-27T10:01:03.247Z [info]: Found Music File: Over the Horizon 2018.mp3
2024-02-27T10:01:03.463Z [info]: Found Music File: audioclip16961704720007125_9988105774596381.aac
2024-02-27T10:01:03.463Z [info]: Found Music File: audioclip16961717200007808_231625503224704.aac
2024-02-27T10:01:03.463Z [info]: Found Music File: audioclip169936275500030635_24125011217143192.aac
2024-02-27T10:01:03.496Z [info]: Found Music File: Over the Horizon 2018.mp3
2024-02-27T10:01:03.502Z [info]: Found Music File: Chastity_Belt_-_01_-_Cadaver.ogg
2024-02-27T10:01:03.503Z [info]: Found Music File: Aadharam Neer - Stephen Jebakumar, Beryl Natasha.m4a
2024-02-27T10:01:03.503Z [info]: Found Music File: Aasayattuzhannavare - Arun Vishwanathan.m4a
2024-02-27T10:01:03.503Z [info]: Found Music File: Anandamundenikku - Sadhu Kochu Kunju Upadesi.m4a
2024-02-27T10:01:03.503Z [info]: Found Music File: Anugrahathin Adhipathiye - Merine Gregory.m4a
2024-02-27T10:01:03.503Z [info]: Found Music File: Athyunnathanam Daivathin Maravil - Immanuel Henry.m4a
2024-02-27T10:01:03.503Z [info]: Found Music File: Azhalerum Jeevitha Maruvil - Sreya Anna Joseph.m4a
2024-02-27T10:01:03.503Z [info]: Found Music File: Daiva Pithave - Don Valiyavelicham, Aju Philip.m4a
2024-02-27T10:01:03.503Z [info]: Found Music File: Daivam Sakalavum - Sadhu Kochu Kunju Upadesi.m4a
2024-02-27T10:01:03.503Z [info]: Found Music File: Devadhi Devasuthan - Libin Scaria.m4a
2024-02-27T10:01:03.503Z [info]: Found Music File: Dhanyavad Ke Saath - Don Valiyavelicham, Sreya Anna Joseph.m4a
2024-02-27T10:01:03.503Z [info]: Found Music File: Dhukhathinte Panapatram - Sadhu Kochu Kunju Upadesi.m4a
2024-02-27T10:01:03.504Z [info]: Found Music File: Dukhathinte Paana Paathram - Don Valiyavelicham, Shreya.m4a
2024-02-27T10:01:03.504Z [info]: Found Music File: Eeloka Yathrayil - Don Valiyavelicham, Bineeth Joy.m4a
2024-02-27T10:01:03.504Z [info]: Found Music File: En Prema Geethamam - Don Valiyavelicham.m4a
2024-02-27T10:01:03.504Z [info]: Found Music File: En Priya Rakshakane - Sadhu Kochu Kunju Upadesi.m4a
2024-02-27T10:01:03.504Z [info]: Found Music File: Ene Marodu Cherkkunna Sneham - Don Valiyavelicham, Kester.m4a
2024-02-27T10:01:03.504Z [info]: Found Music File: Enne Karuthunna Karam - Don Valiyavelicham, Nithin Kumar.m4a
2024-02-27T10:01:03.504Z [info]: Found Music File: Enne Karuthuvan Kaakkuvan - Mithila Michael.m4a
2024-02-27T10:01:03.504Z [info]: Found Music File: Enne Nadathunnavan - Santhosh Joy.m4a
2024-02-27T10:01:03.504Z [info]: Found Music File: Enneshuve Enneshuve - Don Valiyavelicham.m4a
2024-02-27T10:01:03.504Z [info]: Found Music File: Enni Enni Sthuthikuvaan - Sreya Anna Joseph.m4a
2024-02-27T10:01:03.504Z [info]: Found Music File: Ennullam Ninnilay - Don Valiyavelicham, Anju Joseph, Sam Poovachal.m4a
2024-02-27T10:01:03.504Z [info]: Found Music File: Ennum Nallavan - Fr. Severios Thomas.m4a
2024-02-27T10:01:03.504Z [info]: Found Music File: Ente Daivam Mahathwathin - Sadhu Kochu Kunju Upadesi.m4a
2024-02-27T10:01:03.504Z [info]: Found Music File: Ente Sambath Ennu Cholluvaan - Sreya Anna Joseph.m4a
2024-02-27T10:01:03.504Z [info]: Found Music File: Ente Sambathennu - Sadhu Kochu Kunju Upadesi.m4a
2024-02-27T10:01:03.504Z [info]: Found Music File: Enthu Vannaalum - Elizabeth Raju.m4a
2024-02-27T10:01:03.504Z [info]: Found Music File: Gathsaman Thottathil - Don Valiyavelicham, Lordson Antony.m4a
2024-02-27T10:01:03.504Z [info]: Found Music File: Gethsamanayil Kandidunnitha - Don Valiyavelicham, Jiji Sam.m4a
2024-02-27T10:01:03.504Z [info]: Found Music File: Ha Enthanentham - Don Valiyavelicham.m4a
2024-02-27T10:01:03.504Z [info]: Found Music File: Israyelin Daivame Nee - Franco.m4a
2024-02-27T10:01:03.504Z [info]: Found Music File: Jeevante Uravidamam Naadha - Don Valiyavelicham, Immanuel Henry.m4a
2024-02-27T10:01:03.504Z [info]: Found Music File: Jehovah Jireh - Sam Thomas, Sreya Anna Joseph.m4a
2024-02-27T10:01:03.504Z [info]: Found Music File: Kottakal Thakarneedum - Santhosh, Anna Mathew.m4a
2024-02-27T10:01:03.504Z [info]: Found Music File: Kumbittaraadhichidaam - Kester.m4a
2024-02-27T10:01:03.504Z [info]: Found Music File: Kunjattin Thiru Rakthathal - Sreya Anna Joseph.m4a
2024-02-27T10:01:03.504Z [info]: Found Music File: Lesana Kariyam - Don Valiyavelicham, Amali Deepika.m4a
2024-02-27T10:01:03.504Z [info]: Found Music File: Manam Thakarunna - Don Valiyavelicham, Immanuel Henry.m4a
2024-02-27T10:01:03.504Z [info]: Found Music File: Naam Sevichu Nilkkunna - Markose.m4a
2024-02-27T10:01:03.504Z [info]: Found Music File: Nalla Devane - Don Valiyavelicham, Sreya Anna Joseph.m4a
2024-02-27T10:01:03.504Z [info]: Found Music File: Nanni Nanni En Daivame - Don Valiyavelicham.m4a
2024-02-27T10:01:03.504Z [info]: Found Music File: Neerillatha Naalellam - Don Valiyavelicham, Amali Deepika.m4a
2024-02-27T10:01:03.504Z [info]: Found Music File: Neeyente Sarvavum - Don Valiyavelicham, Annakutty.m4a
2024-02-27T10:01:03.504Z [info]: Found Music File: Njan Kaanum Prana Nadhane - Don Valiyavelicham, Tina Joy.m4a
2024-02-27T10:01:03.504Z [info]: Found Music File: O Snehame - Latha Hentry.m4a
2024-02-27T10:01:03.504Z [info]: Found Music File: Oru Pushpam Pol - Gayathri Asokan.m4a
2024-02-27T10:01:03.505Z [info]: Found Music File: Pilarnoru Paaraye - Sreya Anna Joseph.m4a
2024-02-27T10:01:03.505Z [info]: Found Music File: Saadhuvenne Kaividathe - Malayalam Christian Devotional Songs - Riya Das.m4a
2024-02-27T10:01:03.505Z [info]: Found Music File: Shudhar Sthuthikkum Veede - K. G. Markose.m4a
2024-02-27T10:01:03.505Z [info]: Found Music File: Sneham Neduvan - M. G. Sreekumar.m4a
2024-02-27T10:01:03.505Z [info]: Found Music File: Srushtavam Daivamangu - Don Valiyavelicham, Kester.m4a
2024-02-27T10:01:03.505Z [info]: Found Music File: Sthothram En Paripalaka - Sadhu Kochu Kunju Upadesi.m4a
2024-02-27T10:01:03.505Z [info]: Found Music File: Sthuthikkum Njanennum Sthuthikkum Njan - Christian Devotional Song - Mithila Michael.m4a
2024-02-27T10:01:03.505Z [info]: Found Music File: Thakarnnu Nurungiya Hrudhayam - Don Valiyavelicham, V.J Traven.m4a
2024-02-27T10:01:03.505Z [info]: Found Music File: Thangum Karangal - Sreya Anna Joseph.m4a
2024-02-27T10:01:03.505Z [info]: Found Music File: Thank Kara Viruthinaal - Don Valiyavelicham, Jyolsna.m4a
2024-02-27T10:01:03.505Z [info]: Found Music File: Ushakaalam - Sadhu Kochu Kunju Upadesi.m4a
2024-02-27T10:01:03.505Z [info]: Found Music File: Uyartheedum Njan Kankal - Don Valiyavelicham, Tom Philip Thomas.m4a
2024-02-27T10:01:03.505Z [info]: Found Music File: Vaana Viravil Naadhan - Don Valiyavelicham, Blesson Memana.m4a
2024-02-27T10:01:03.505Z [info]: Found Music File: Varuvin Yeshuvin Arikil - Don Valiyavelicham, Aju Philip.m4a
2024-02-27T10:01:03.505Z [info]: Found Music File: Vishramanaattil - Sadhu Kochu Kunju Upadesi.m4a
2024-02-27T10:01:03.505Z [info]: Found Music File: Yehovah Yireh - Stephen Jebakumar, Catherine Ebenesar.m4a
2024-02-27T10:01:03.505Z [info]: Found Music File: Yeshu En Adisthanam - Sreya Anna Joseph.m4a
2024-02-27T10:01:03.505Z [info]: Found Music File: Yeshu Kathavai Thiranthal - Don Valiyavelicham, Steven Samuel Devassy.m4a
2024-02-27T10:01:03.505Z [info]: Found Music File: Yeshu Mere Jeeven - Don Valiyavelicham, Shirin George.m4a
2024-02-27T10:01:03.505Z [info]: Found Music File: Yeshu Nadha Neethisoorya - Sreya Anna Joseph.m4a
2024-02-27T10:01:03.505Z [info]: Found Music File: Yeshurajan - Arun Vishwanath.m4a
2024-02-27T10:01:03.505Z [info]: Found Music File: Yeshuve Aaradhyane - Don Valiyavelicham, Hephzibha Susan Renjith.m4a
2024-02-27T10:01:03.505Z [info]: Found Music File: Yeshuve En Jeevane - Don Valiyavelicham, Shirin George.m4a
2024-02-27T10:01:03.505Z [info]: Found Music File: Yeshuve Yeshuve - K. S. Chithra.m4a
2024-02-27T10:01:03.505Z [info]: Found Music File: Yeshuvin Saakshikal Naam - Don Valiyavelicham, Tom Philip Thomas.m4a
2024-02-27T10:01:03.505Z [info]: Found Music File: Yesuvin Rekthama - Abhijith Kollam.m4a
2024-02-27T10:01:03.506Z [info]: Found Music File: Husn - Anuv Jain.m4a
2024-02-27T10:01:03.506Z [info]: Found Music File: Waqt Ki Baatein - Dream Note.m4a
2024-02-27T10:01:03.506Z [info]: Found Music File: 01 Amnesia.m4a
2024-02-27T10:01:03.506Z [info]: Found Music File: 02 Daylight.m4a
2024-02-27T10:01:03.506Z [info]: Found Music File: 03 American Idiot.m4a
2024-02-27T10:01:03.506Z [info]: Found Music File: 04 Amnesia (Live At Wembley).m4a
2024-02-27T10:01:03.506Z [info]: Found Music File: A2 - Hounds of Love.flac
2024-02-27T10:01:03.506Z [info]: Found Music File: 1-03 Yesuvin Rekthama.m4a
2024-02-27T10:01:03.506Z [info]: Found Music File: 1-10 Yeshurajan.m4a
2024-02-27T10:01:03.506Z [info]: Found Music File: 1-02 Aasayattuzhannavare.m4a
2024-02-27T10:01:03.506Z [info]: Found Music File: 01 Sunrise.mp3
2024-02-27T10:01:03.506Z [info]: Found Music File: 02 Church.mp3
2024-02-27T10:01:03.506Z [info]: Found Music File: 03 Trouble In Town.mp3
2024-02-27T10:01:03.506Z [info]: Found Music File: 04 BrokEn.mp3
2024-02-27T10:01:03.506Z [info]: Found Music File: 05 Daddy.mp3
2024-02-27T10:01:03.507Z [info]: Found Music File: 06 WOTW_POTP.mp3
2024-02-27T10:01:03.507Z [info]: Found Music File: 07 Arabesque.mp3
2024-02-27T10:01:03.507Z [info]: Found Music File: 08 When I Need A Friend.mp3
2024-02-27T10:01:03.507Z [info]: Found Music File: 09 Sunrise_Sunset Interlude #1.mp3
2024-02-27T10:01:03.507Z [info]: Found Music File: 10 Sunrise_Sunset Interlude #2.mp3
2024-02-27T10:01:03.507Z [info]: Found Music File: 11 Sunrise_Sunset Interlude #3.mp3
2024-02-27T10:01:03.507Z [info]: Found Music File: 12 Sunrise_Sunset Interlude #4.mp3
2024-02-27T10:01:03.507Z [info]: Found Music File: 13 Sunrise_Sunset Interlude #5.mp3
2024-02-27T10:01:03.507Z [info]: Found Music File: 14 Sunrise_Sunset Interlude #6.mp3
2024-02-27T10:01:03.507Z [info]: Found Music File: 15 Guns.mp3
2024-02-27T10:01:03.507Z [info]: Found Music File: 16 Orphans.mp3
2024-02-27T10:01:03.507Z [info]: Found Music File: 17 Eko.mp3
2024-02-27T10:01:03.507Z [info]: Found Music File: 18 Cry Cry Cry.mp3
2024-02-27T10:01:03.507Z [info]: Found Music File: 19 Old Friends.mp3
2024-02-27T10:01:03.507Z [info]: Found Music File: 20 Bani Adam.mp3
2024-02-27T10:01:03.507Z [info]: Found Music File: 21 Champion Of The World.mp3
2024-02-27T10:01:03.507Z [info]: Found Music File: 22 Everyday Life.mp3
2024-02-27T10:01:03.507Z [info]: Found Music File: 02 Magic.mp3
2024-02-27T10:01:03.507Z [info]: Found Music File: 03 Ink.mp3
2024-02-27T10:01:03.507Z [info]: Found Music File: 04 True Love.mp3
2024-02-27T10:01:03.508Z [info]: Found Music File: 05 Midnight.mp3
2024-02-27T10:01:03.508Z [info]: Found Music File: 06 Another's Arms.mp3
2024-02-27T10:01:03.508Z [info]: Found Music File: 07 Oceans.mp3
2024-02-27T10:01:03.508Z [info]: Found Music File: 08 A Sky Full of Stars.mp3
2024-02-27T10:01:03.508Z [info]: Found Music File: 09 O.mp3
2024-02-27T10:01:03.508Z [info]: Found Music File: 10 All Your Friends.mp3
2024-02-27T10:01:03.508Z [info]: Found Music File: 11 Ghost Story.mp3
2024-02-27T10:01:03.508Z [info]: Found Music File: 12 O (Part 2_Reprise).mp3
2024-02-27T10:01:03.508Z [info]: Found Music File: 01 Always In My Head.mp3
2024-02-27T10:01:03.508Z [info]: Found Music File: 1-05 Ha Enthanentham.m4a
2024-02-27T10:01:03.508Z [info]: Found Music File: 1-06 En Prema Geethamam.m4a
2024-02-27T10:01:03.508Z [info]: Found Music File: 1-09 Nanni Nanni En Daivame.m4a
2024-02-27T10:01:03.508Z [info]: Found Music File: 1-16 Enneshuve Enneshuve.m4a
2024-02-27T10:01:03.508Z [info]: Found Music File: 1-01 Varuvin Yeshuvin Arikil.m4a
2024-02-27T10:01:03.508Z [info]: Found Music File: 1-02 Daiva Pithave.m4a
2024-02-27T10:01:03.508Z [info]: Found Music File: 1-22 Lesana Kariyam.m4a
2024-02-27T10:01:03.508Z [info]: Found Music File: 1-23 Neerillatha Naalellam.m4a
2024-02-27T10:01:03.508Z [info]: Found Music File: 1-07 Ennullam Ninnilay.m4a
2024-02-27T10:01:03.508Z [info]: Found Music File: 1-04 Neeyente Sarvavum.m4a
2024-02-27T10:01:03.508Z [info]: Found Music File: 1-13 Eeloka Yathrayil.m4a
2024-02-27T10:01:03.509Z [info]: Found Music File: 1-24 Vaana Viravil Naadhan.m4a
2024-02-27T10:01:03.509Z [info]: Found Music File: 1-31 Yeshuve Aaradhyane.m4a
2024-02-27T10:01:03.509Z [info]: Found Music File: 1-08 Manam Thakarunna.m4a
2024-02-27T10:01:03.509Z [info]: Found Music File: 1-20 Jeevante Uravidamam Naadha.m4a
2024-02-27T10:01:03.509Z [info]: Found Music File: 1-19 Gethsamanayil Kandidunnitha.m4a
2024-02-27T10:01:03.510Z [info]: Found Music File: 1-21 Thank Kara Viruthinaal.m4a
2024-02-27T10:01:03.510Z [info]: Found Music File: 1-15 Ene Marodu Cherkkunna Sneham.m4a
2024-02-27T10:01:03.510Z [info]: Found Music File: 1-26 Srushtavam Daivamangu.m4a
2024-02-27T10:01:03.510Z [info]: Found Music File: 1-18 Gathsaman Thottathil.m4a
2024-02-27T10:01:03.510Z [info]: Found Music File: 1-14 Enne Karuthunna Karam.m4a
2024-02-27T10:01:03.510Z [info]: Found Music File: 1-30 Yeshu Mere Jeeven.m4a
2024-02-27T10:01:03.510Z [info]: Found Music File: 1-32 Yeshuve En Jeevane.m4a
2024-02-27T10:01:03.510Z [info]: Found Music File: 1-11 Dukhathinte Paana Paathram.m4a
2024-02-27T10:01:03.510Z [info]: Found Music File: 1-03 Nalla Devane.m4a
2024-02-27T10:01:03.510Z [info]: Found Music File: 1-25 Dhanyavad Ke Saath.m4a
2024-02-27T10:01:03.510Z [info]: Found Music File: 1-29 Yeshu Kathavai Thiranthal.m4a
2024-02-27T10:01:03.510Z [info]: Found Music File: 1-10 Njan Kaanum Prana Nadhane.m4a
2024-02-27T10:01:03.511Z [info]: Found Music File: 1-12 Yeshuvin Saakshikal Naam.m4a
2024-02-27T10:01:03.511Z [info]: Found Music File: 1-28 Uyartheedum Njan Kankal.m4a
2024-02-27T10:01:03.511Z [info]: Found Music File: 1-27 Thakarnnu Nurungiya Hrudhayam.m4a
2024-02-27T10:01:03.511Z [info]: Found Music File: 1-09 Enthu Vannaalum.m4a
2024-02-27T10:01:03.511Z [info]: Found Music File: 1-06 Ennum Nallavan.m4a
2024-02-27T10:01:03.511Z [info]: Found Music File: 1-09 Israyelin Daivame Nee.m4a
2024-02-27T10:01:03.511Z [info]: Found Music File: 1-05 Oru Pushpam Pol.m4a
2024-02-27T10:01:03.511Z [info]: Found Music File: 1-07 Athyunnathanam Daivathin Maravil.m4a
2024-02-27T10:01:03.511Z [info]: Found Music File: 1-03 Shudhar Sthuthikkum Veede.m4a
2024-02-27T10:01:03.511Z [info]: Found Music File: 1-10 Yeshuve Yeshuve.m4a
2024-02-27T10:01:03.511Z [info]: Found Music File: 01 Running Up That Hill (A Deal With God).mp3
2024-02-27T10:01:03.511Z [info]: Found Music File: 1-01 Kumbittaraadhichidaam.m4a
2024-02-27T10:01:03.511Z [info]: Found Music File: 1-03 O Snehame.m4a
2024-02-27T10:01:03.512Z [info]: Found Music File: 1-08 Devadhi Devasuthan.m4a
2024-02-27T10:01:03.512Z [info]: Found Music File: 1-07 Sneham Neduvan.m4a
2024-02-27T10:01:03.512Z [info]: Found Music File: 1-06 Naam Sevichu Nilkkunna.m4a
2024-02-27T10:01:03.512Z [info]: Found Music File: 1-05 Anugrahathin Adhipathiye.m4a
2024-02-27T10:01:03.512Z [info]: Found Music File: 1-02 Sthuthikkum Njanennum Sthuthikkum Njan - Christian Devotional Song.m4a
2024-02-27T10:01:03.512Z [info]: Found Music File: 1-04 Enne Karuthuvan Kaakkuvan.m4a
2024-02-27T10:01:03.512Z [info]: Found Music File: 1-01 Saadhuvenne Kaividathe - Malayalam Christian Devotional Songs.m4a
2024-02-27T10:01:03.512Z [info]: Found Music File: 1-01 Anandamundenikku.m4a
2024-02-27T10:01:03.512Z [info]: Found Music File: 1-02 Ushakaalam.m4a
2024-02-27T10:01:03.512Z [info]: Found Music File: 1-03 Daivam Sakalavum.m4a
2024-02-27T10:01:03.512Z [info]: Found Music File: 1-04 Vishramanaattil.m4a
2024-02-27T10:01:03.512Z [info]: Found Music File: 1-05 Ente Sambathennu.m4a
2024-02-27T10:01:03.512Z [info]: Found Music File: 1-06 Ente Daivam Mahathwathin.m4a
2024-02-27T10:01:03.512Z [info]: Found Music File: 1-07 En Priya Rakshakane.m4a
2024-02-27T10:01:03.512Z [info]: Found Music File: 1-08 Sthothram En Paripalaka.m4a
2024-02-27T10:01:03.512Z [info]: Found Music File: 1-09 Dhukhathinte Panapatram.m4a
2024-02-27T10:01:03.512Z [info]: Found Music File: 1-01 Jehovah Jireh.m4a
2024-02-27T10:01:03.512Z [info]: Found Music File: 1-04 Enne Nadathunnavan.m4a
2024-02-27T10:01:03.513Z [info]: Found Music File: 1-08 Kottakal Thakarneedum.m4a
2024-02-27T10:01:03.513Z [info]: Found Music File: 1-01 Ente Sambath Ennu Cholluvaan.m4a
2024-02-27T10:01:03.513Z [info]: Found Music File: 1-02 Yeshu En Adisthanam.m4a
2024-02-27T10:01:03.513Z [info]: Found Music File: 1-03 Enni Enni Sthuthikuvaan.m4a
2024-02-27T10:01:03.513Z [info]: Found Music File: 1-04 Thangum Karangal.m4a
2024-02-27T10:01:03.513Z [info]: Found Music File: 1-05 Azhalerum Jeevitha Maruvil.m4a
2024-02-27T10:01:03.513Z [info]: Found Music File: 1-06 Yeshu Nadha Neethisoorya.m4a
2024-02-27T10:01:03.513Z [info]: Found Music File: 1-07 Pilarnoru Paaraye.m4a
2024-02-27T10:01:03.513Z [info]: Found Music File: 1-08 Kunjattin Thiru Rakthathal.m4a
2024-02-27T10:01:03.513Z [info]: Found Music File: 1-01 Aadharam Neer.m4a
2024-02-27T10:01:03.513Z [info]: Found Music File: 1-01 Yehovah Yireh.m4a
2024-02-27T10:01:03.513Z [info]: Found Music File: Over the Horizon 2018.mp3
2024-02-27T10:01:03.517Z [error]: Unexpected Error Occurred. Possibly Permission Denied for Photos Library (Deprecated).photoslibrary
2024-02-27T10:01:03.517Z [error]: Unexpected Error Occurred. Possibly Permission Denied for Photos Library.photoslibrary
2024-02-27T10:01:04.559Z [error]: An internal error occurred while getting metadata. Further Investigation Required. Traceback at musicMetaData on {"type":"tagFormat","info":"No suitable tag reader found"}
2024-02-27T10:01:04.561Z [error]: An internal error occurred while getting metadata. Further Investigation Required. Traceback at musicMetaData on {"type":"tagFormat","info":"No suitable tag reader found"}
2024-02-27T10:01:04.565Z [info]: http connection established by HOST:127.0.0.1
2024-02-27T10:01:05.044Z [info]: Saved Music File: finished
2024-02-27T10:01:05.063Z [info]: Saved Music File: Chastity_Belt_-_01_-_Cadaver
2024-02-27T10:01:05.106Z [info]: Saved Music File: My Movie
2024-02-27T10:01:05.196Z [info]: Saved Music File: null
2024-02-27T10:01:05.198Z [error]: Access requested denied due to Error 404
2024-02-27T10:01:05.621Z [info]: Saved Music File: null
2024-02-27T10:01:06.333Z [error]: Access requested denied due to Error 404 to //api/sync
2024-02-27T10:01:06.334Z [error]: Access requested denied due to Error 404 to /false
2024-02-27T10:01:06.334Z [info]: Saved Music File: Sunrise
2024-02-27T10:01:06.460Z [info]: Saved Music File: Church
2024-02-27T10:01:06.463Z [info]: Saved Music File: BrokEn
2024-02-27T10:01:06.464Z [info]: Saved Music File: Daddy
2024-02-27T10:01:06.468Z [info]: Saved Music File: Trouble In Town
2024-02-27T10:01:06.471Z [info]: Saved Music File: Arabesque
2024-02-27T10:01:06.477Z [info]: Saved Music File: WOTW/POTP
2024-02-27T10:01:06.481Z [info]: Saved Music File: When I Need A Friend
2024-02-27T10:01:06.488Z [info]: Saved Music File: Sunrise/Sunset Interlude #1
2024-02-27T10:01:06.493Z [info]: Saved Music File: Sunrise/Sunset Interlude #3
2024-02-27T10:01:06.498Z [info]: Saved Music File: Sunrise/Sunset Interlude #4
2024-02-27T10:01:06.504Z [info]: Saved Music File: Sunrise/Sunset Interlude #6
2024-02-27T10:01:06.508Z [info]: Saved Music File: Sunrise/Sunset Interlude #5
2024-02-27T10:01:06.512Z [info]: Saved Music File: Orphans
2024-02-27T10:01:06.514Z [info]: Saved Music File: Sunrise/Sunset Interlude #2
2024-02-27T10:01:06.516Z [info]: Saved Music File: Eko
2024-02-27T10:01:06.520Z [info]: Saved Music File: Guns
2024-02-27T10:01:06.524Z [info]: Saved Music File: Old Friends
2024-02-27T10:01:06.528Z [info]: Saved Music File: Cry Cry Cry
2024-02-27T10:01:06.530Z [info]: Saved Music File: Bani Adam
2024-02-27T10:01:06.531Z [info]: Saved Music File: Everyday Life
2024-02-27T10:01:06.535Z [info]: Saved Music File: Ink
2024-02-27T10:01:06.537Z [info]: Saved Music File: Magic
2024-02-27T10:01:06.540Z [info]: Saved Music File: Champion Of The World
2024-02-27T10:01:06.544Z [info]: Saved Music File: True Love
2024-02-27T10:01:06.547Z [info]: Saved Music File: Midnight
2024-02-27T10:01:06.551Z [info]: Saved Music File: Oceans
2024-02-27T10:01:06.553Z [info]: Saved Music File: A Sky Full of Stars
2024-02-27T10:01:06.555Z [info]: Saved Music File: All Your Friends
2024-02-27T10:01:06.559Z [info]: Saved Music File: O
2024-02-27T10:01:06.562Z [info]: Saved Music File: O (Part 2/Reprise)
2024-02-27T10:01:06.566Z [info]: Saved Music File: Another's Arms
2024-02-27T10:01:06.568Z [info]: Saved Music File: Running Up That Hill (A Deal With God)
2024-02-27T10:01:06.569Z [info]: Saved Music File: null
2024-02-27T10:01:06.570Z [info]: Saved Music File: Always In My Head
2024-02-27T10:01:06.572Z [info]: Saved Music File: Ghost Story
2024-02-27T10:01:06.576Z [info]: Saved Music File: null
2024-02-27T10:01:06.578Z [info]: Saved Music File: null
2024-02-27T10:01:06.580Z [info]: Saved Music File: null
2024-02-27T10:01:06.581Z [info]: Saved Music File: null
2024-02-27T10:01:06.583Z [info]: Saved Music File: null
2024-02-27T10:01:06.584Z [info]: Saved Music File: null
2024-02-27T10:01:06.592Z [info]: Saved Music File: Hounds of Love
2024-02-27T10:01:06.595Z [info]: Saved Music File: null
2024-02-27T10:01:06.596Z [info]: Saved Music File: Daiva Pithave
2024-02-27T10:01:06.597Z [info]: Saved Music File: Anandamundenikku
2024-02-27T10:01:06.601Z [info]: Saved Music File: Devadhi Devasuthan
2024-02-27T10:01:06.603Z [info]: Saved Music File: Azhalerum Jeevitha Maruvil
2024-02-27T10:01:06.604Z [info]: Saved Music File: Athyunnathanam Daivathin Maravil
2024-02-27T10:01:06.608Z [info]: Saved Music File: Daivam Sakalavum
2024-02-27T10:01:06.610Z [info]: Saved Music File: Dhanyavad Ke Saath
2024-02-27T10:01:06.613Z [info]: Saved Music File: Anugrahathin Adhipathiye
2024-02-27T10:01:06.615Z [info]: Saved Music File: Dhukhathinte Panapatram
2024-02-27T10:01:06.617Z [info]: Saved Music File: Dukhathinte Paana Paathram
2024-02-27T10:01:06.619Z [info]: Saved Music File: En Prema Geethamam
2024-02-27T10:01:06.620Z [info]: Saved Music File: En Priya Rakshakane
2024-02-27T10:01:06.622Z [info]: Saved Music File: Eeloka Yathrayil
2024-02-27T10:01:06.625Z [info]: Saved Music File: Enne Karuthuvan Kaakkuvan
2024-02-27T10:01:06.627Z [info]: Saved Music File: Ene Marodu Cherkkunna Sneham
2024-02-27T10:01:06.628Z [info]: Saved Music File: Enne Karuthunna Karam
2024-02-27T10:01:06.631Z [info]: Saved Music File: Enne Nadathunnavan
2024-02-27T10:01:06.633Z [info]: Saved Music File: Enni Enni Sthuthikuvaan
2024-02-27T10:01:06.635Z [info]: Saved Music File: Enneshuve Enneshuve
2024-02-27T10:01:06.638Z [info]: Saved Music File: Ente Daivam Mahathwathin
2024-02-27T10:01:06.641Z [info]: Saved Music File: Ennullam Ninnilay
2024-02-27T10:01:06.643Z [info]: Saved Music File: Ennum Nallavan
2024-02-27T10:01:06.644Z [info]: Saved Music File: Ente Sambath Ennu Cholluvaan
2024-02-27T10:01:06.646Z [info]: Saved Music File: Ente Sambathennu
2024-02-27T10:01:06.647Z [info]: Saved Music File: Gathsaman Thottathil
2024-02-27T10:01:06.649Z [info]: Saved Music File: Israyelin Daivame Nee
2024-02-27T10:01:06.652Z [info]: Saved Music File: Kunjattin Thiru Rakthathal
2024-02-27T10:01:06.655Z [info]: Saved Music File: Manam Thakarunna
2024-02-27T10:01:06.657Z [info]: Saved Music File: Kottakal Thakarneedum
2024-02-27T10:01:06.659Z [info]: Saved Music File: null
2024-02-27T10:01:06.660Z [info]: Saved Music File: Gethsamanayil Kandidunnitha
2024-02-27T10:01:06.662Z [info]: Saved Music File: Enthu Vannaalum
2024-02-27T10:01:06.665Z [info]: Saved Music File: Aasayattuzhannavare
2024-02-27T10:01:06.667Z [info]: Saved Music File: Kumbittaraadhichidaam
2024-02-27T10:01:06.669Z [info]: Saved Music File: Lesana Kariyam
2024-02-27T10:01:06.670Z [info]: Saved Music File: null
2024-02-27T10:01:06.672Z [info]: Saved Music File: Nalla Devane
2024-02-27T10:01:06.675Z [info]: Saved Music File: Jeevante Uravidamam Naadha
2024-02-27T10:01:06.677Z [info]: Saved Music File: Ha Enthanentham
2024-02-27T10:01:06.678Z [info]: Saved Music File: Nanni Nanni En Daivame
2024-02-27T10:01:06.680Z [info]: Saved Music File: Naam Sevichu Nilkkunna
2024-02-27T10:01:06.683Z [info]: Saved Music File: Njan Kaanum Prana Nadhane
2024-02-27T10:01:06.685Z [info]: Saved Music File: Neeyente Sarvavum
2024-02-27T10:01:06.687Z [info]: Saved Music File: O Snehame
2024-02-27T10:01:06.688Z [info]: Saved Music File: Pilarnoru Paaraye
2024-02-27T10:01:06.690Z [info]: Saved Music File: Neerillatha Naalellam
2024-02-27T10:01:06.693Z [info]: Saved Music File: Srushtavam Daivamangu
2024-02-27T10:01:06.695Z [info]: Saved Music File: Shudhar Sthuthikkum Veede
2024-02-27T10:01:06.697Z [info]: Saved Music File: Saadhuvenne Kaividathe - Malayalam Christian Devotional Songs
2024-02-27T10:01:06.699Z [info]: Saved Music File: Sneham Neduvan
2024-02-27T10:01:06.701Z [info]: Saved Music File: Sthuthikkum Njanennum Sthuthikkum Njan - Christian Devotional Song
2024-02-27T10:01:06.703Z [info]: Saved Music File: Thakarnnu Nurungiya Hrudhayam
2024-02-27T10:01:06.704Z [info]: Saved Music File: Sthothram En Paripalaka
2024-02-27T10:01:06.708Z [info]: Saved Music File: Uyartheedum Njan Kankal
2024-02-27T10:01:06.709Z [info]: Saved Music File: Varuvin Yeshuvin Arikil
2024-02-27T10:01:06.711Z [info]: Saved Music File: Yeshu En Adisthanam
2024-02-27T10:01:06.713Z [info]: Saved Music File: Oru Pushpam Pol
2024-02-27T10:01:06.715Z [info]: Saved Music File: Vaana Viravil Naadhan
2024-02-27T10:01:06.717Z [info]: Saved Music File: Thangum Karangal
2024-02-27T10:01:06.719Z [info]: Saved Music File: Thank Kara Viruthinaal
2024-02-27T10:01:06.721Z [info]: Saved Music File: Ushakaalam
2024-02-27T10:01:06.723Z [info]: Saved Music File: Yeshu Nadha Neethisoorya
2024-02-27T10:01:06.726Z [info]: Saved Music File: Yeshuve Aaradhyane
2024-02-27T10:01:06.728Z [info]: Saved Music File: Vishramanaattil
2024-02-27T10:01:06.729Z [info]: Saved Music File: Yeshurajan
2024-02-27T10:01:06.731Z [info]: Saved Music File: Yeshuve En Jeevane
2024-02-27T10:01:06.732Z [info]: Saved Music File: Yeshu Kathavai Thiranthal
2024-02-27T10:01:06.735Z [info]: Saved Music File: Husn
2024-02-27T10:01:06.737Z [info]: Saved Music File: Yeshuvin Saakshikal Naam
2024-02-27T10:01:06.738Z [info]: Saved Music File: Waqt Ki Baatein
2024-02-27T10:01:06.740Z [info]: Saved Music File: Yeshuve Yeshuve
2024-02-27T10:01:06.743Z [info]: Saved Music File: Yesuvin Rekthama
2024-02-27T10:01:06.745Z [info]: Saved Music File: Yeshu Mere Jeeven
2024-02-27T10:01:06.746Z [info]: Saved Music File: Yeshurajan
2024-02-27T10:01:06.746Z [info]: Saved Music File: Aasayattuzhannavare
2024-02-27T10:01:06.747Z [info]: Saved Music File: Yesuvin Rekthama
2024-02-27T10:01:06.750Z [info]: Saved Music File: Nanni Nanni En Daivame
2024-02-27T10:01:06.752Z [info]: Saved Music File: Enneshuve Enneshuve
2024-02-27T10:01:06.754Z [info]: Saved Music File: Ha Enthanentham
2024-02-27T10:01:06.755Z [info]: Saved Music File: En Prema Geethamam
2024-02-27T10:01:06.759Z [info]: Saved Music File: Neerillatha Naalellam
2024-02-27T10:01:06.761Z [info]: Saved Music File: Eeloka Yathrayil
2024-02-27T10:01:06.763Z [info]: Saved Music File: Neeyente Sarvavum
2024-02-27T10:01:06.765Z [info]: Saved Music File: Daiva Pithave
2024-02-27T10:01:06.767Z [info]: Saved Music File: Manam Thakarunna
2024-02-27T10:01:06.768Z [info]: Saved Music File: Ennullam Ninnilay
2024-02-27T10:01:06.768Z [info]: Saved Music File: Vaana Viravil Naadhan
2024-02-27T10:01:06.771Z [info]: Saved Music File: Jeevante Uravidamam Naadha
2024-02-27T10:01:06.774Z [info]: Saved Music File: Thank Kara Viruthinaal
2024-02-27T10:01:06.775Z [info]: Saved Music File: Lesana Kariyam
2024-02-27T10:01:06.776Z [info]: Saved Music File: Varuvin Yeshuvin Arikil
2024-02-27T10:01:06.777Z [info]: Saved Music File: Enne Karuthunna Karam
2024-02-27T10:01:06.777Z [info]: Saved Music File: Yeshuve En Jeevane
2024-02-27T10:01:06.778Z [info]: Saved Music File: Gethsamanayil Kandidunnitha
2024-02-27T10:01:06.780Z [info]: Saved Music File: Gathsaman Thottathil
2024-02-27T10:01:06.782Z [info]: Saved Music File: Srushtavam Daivamangu
2024-02-27T10:01:06.784Z [info]: Saved Music File: Yeshuve Aaradhyane
2024-02-27T10:01:06.786Z [info]: Saved Music File: Ene Marodu Cherkkunna Sneham
2024-02-27T10:01:06.788Z [info]: Saved Music File: Yeshu Mere Jeeven
2024-02-27T10:01:06.790Z [info]: Saved Music File: Nalla Devane
2024-02-27T10:01:06.791Z [info]: Saved Music File: Dukhathinte Paana Paathram
2024-02-27T10:01:06.792Z [info]: Saved Music File: Yeshu Kathavai Thiranthal
2024-02-27T10:01:06.794Z [info]: Saved Music File: Njan Kaanum Prana Nadhane
2024-02-27T10:01:06.796Z [info]: Saved Music File: Uyartheedum Njan Kankal
2024-02-27T10:01:06.797Z [info]: Saved Music File: Thakarnnu Nurungiya Hrudhayam
2024-02-27T10:01:06.800Z [info]: Saved Music File: Ennum Nallavan
2024-02-27T10:01:06.804Z [info]: Saved Music File: Oru Pushpam Pol
2024-02-27T10:01:06.807Z [info]: Saved Music File: Dhanyavad Ke Saath
2024-02-27T10:01:06.809Z [info]: Saved Music File: Enthu Vannaalum
2024-02-27T10:01:06.810Z [info]: Saved Music File: Yeshuve Yeshuve
2024-02-27T10:01:06.811Z [info]: Saved Music File: O Snehame
2024-02-27T10:01:06.811Z [info]: Saved Music File: Devadhi Devasuthan
2024-02-27T10:01:06.812Z [info]: Saved Music File: Shudhar Sthuthikkum Veede
2024-02-27T10:01:06.814Z [info]: Saved Music File: Athyunnathanam Daivathin Maravil
2024-02-27T10:01:06.818Z [info]: Saved Music File: Saadhuvenne Kaividathe - Malayalam Christian Devotional Songs
2024-02-27T10:01:06.819Z [info]: Saved Music File: Anugrahathin Adhipathiye
2024-02-27T10:01:06.820Z [info]: Saved Music File: Ushakaalam
2024-02-27T10:01:06.822Z [info]: Saved Music File: Sneham Neduvan
2024-02-27T10:01:06.825Z [info]: Saved Music File: Kumbittaraadhichidaam
2024-02-27T10:01:06.826Z [info]: Saved Music File: Anandamundenikku
2024-02-27T10:01:06.827Z [info]: Saved Music File: Yeshuvin Saakshikal Naam
2024-02-27T10:01:06.829Z [info]: Saved Music File: Naam Sevichu Nilkkunna
2024-02-27T10:01:06.831Z [info]: Saved Music File: Daivam Sakalavum
2024-02-27T10:01:06.833Z [info]: Saved Music File: Vishramanaattil
2024-02-27T10:01:06.834Z [info]: Saved Music File: Ente Sambathennu
2024-02-27T10:01:06.836Z [info]: Saved Music File: Enne Nadathunnavan
2024-02-27T10:01:06.837Z [info]: Saved Music File: Ente Daivam Mahathwathin
2024-02-27T10:01:06.838Z [info]: Saved Music File: Sthothram En Paripalaka
2024-02-27T10:01:06.840Z [info]: Saved Music File: Enni Enni Sthuthikuvaan
2024-02-27T10:01:06.842Z [info]: Saved Music File: Dhukhathinte Panapatram
2024-02-27T10:01:06.843Z [info]: Saved Music File: En Priya Rakshakane
2024-02-27T10:01:06.845Z [info]: Saved Music File: Azhalerum Jeevitha Maruvil
2024-02-27T10:01:06.847Z [info]: Saved Music File: Yeshu Nadha Neethisoorya
2024-02-27T10:01:06.851Z [info]: Saved Music File: Yeshu En Adisthanam
2024-02-27T10:01:06.852Z [info]: Saved Music File: Kottakal Thakarneedum
2024-02-27T10:01:06.853Z [info]: Saved Music File: Pilarnoru Paaraye
2024-02-27T10:01:06.854Z [info]: Saved Music File: Israyelin Daivame Nee
2024-02-27T10:01:06.855Z [info]: Saved Music File: Ente Sambath Ennu Cholluvaan
2024-02-27T10:01:06.858Z [info]: Saved Music File: Kunjattin Thiru Rakthathal
2024-02-27T10:01:06.861Z [info]: Saved Music File: Thangum Karangal
2024-02-27T10:01:06.862Z [info]: Saved Music File: Sthuthikkum Njanennum Sthuthikkum Njan - Christian Devotional Song
2024-02-27T10:01:06.863Z [info]: Saved Music File: Enne Karuthuvan Kaakkuvan
2024-02-27T10:01:06.870Z [info]: Saved Music File: Daylight
2024-02-27T10:01:06.873Z [info]: Saved Music File: Amnesia (Live At Wembley)
2024-02-27T10:01:06.877Z [info]: Saved Music File: Amnesia
2024-02-27T10:01:06.880Z [info]: Saved Music File: American Idiot
2024-02-27T10:01:06.969Z [info]: Deleted all music files except for 195 
2024-02-27T10:01:06.969Z [info]: Music Sync Completed
2024-02-27T10:01:32.943Z [info]: Portifolio app is online and is active at PORT:80
2024-02-27T10:01:32.945Z [info]: Connected to database
2024-02-27T10:02:16.374Z [info]: http connection established by HOST:127.0.0.1
2024-02-27T10:02:25.434Z [info]: Portifolio app is online and is active at PORT:80
2024-02-27T10:02:25.436Z [info]: Connected to database
2024-02-27T10:02:29.534Z [info]: Attempting to fetch music data
2024-02-27T10:02:31.397Z [info]: http connection established by HOST:127.0.0.1
2024-02-27T10:02:31.720Z [error]: Access requested denied due to Error 404
2024-02-27T10:02:31.774Z [error]: Access requested denied due to Error 404 to //api/sync
2024-02-27T10:02:31.787Z [error]: Access requested denied due to Error 404 to /false
2024-02-27T10:02:49.821Z [info]: Portifolio app is online and is active at PORT:80
2024-02-27T10:02:49.823Z [info]: Connected to database
2024-02-27T10:02:51.405Z [info]: Portifolio app is online and is active at PORT:80
2024-02-27T10:02:51.407Z [info]: Connected to database
2024-02-27T10:02:53.457Z [info]: http connection established by HOST:127.0.0.1
2024-02-27T10:02:53.816Z [error]: Access requested denied due to Error 404
2024-02-27T10:02:53.914Z [error]: Access requested denied due to Error 404 to /false
2024-02-27T10:02:53.915Z [error]: Access requested denied due to Error 404 to //api/sync
2024-02-27T10:03:31.352Z [info]: Portifolio app is online and is active at PORT:80
2024-02-27T10:03:31.354Z [info]: Connected to database
2024-02-27T10:03:33.387Z [info]: http connection established by HOST:127.0.0.1
2024-02-27T10:03:33.721Z [error]: Access requested denied due to Error 404 to //api/music
2024-02-27T10:03:33.792Z [error]: Access requested denied due to Error 404 to //api/sync
2024-02-27T10:03:33.855Z [error]: Access requested denied due to Error 404 to /false
2024-02-27T10:03:49.192Z [info]: http connection established by HOST:127.0.0.1
2024-02-27T10:03:49.627Z [error]: Access requested denied due to Error 404 to //api/music
2024-02-27T10:03:49.696Z [error]: Access requested denied due to Error 404 to //api/sync
2024-02-27T10:03:49.703Z [error]: Access requested denied due to Error 404 to /false
2024-02-27T10:04:00.775Z [info]: Portifolio app is online and is active at PORT:80
2024-02-27T10:04:00.777Z [info]: Connected to database
2024-02-27T10:04:12.807Z [info]: Portifolio app is online and is active at PORT:80
2024-02-27T10:04:12.809Z [info]: Connected to database
2024-02-27T10:04:14.286Z [info]: Portifolio app is online and is active at PORT:80
2024-02-27T10:04:14.288Z [info]: Connected to database
2024-02-27T10:04:21.455Z [info]: Portifolio app is online and is active at PORT:80
2024-02-27T10:04:21.457Z [info]: Connected to database
2024-02-27T10:04:22.231Z [info]: http connection established by HOST:127.0.0.1
2024-02-27T10:04:22.588Z [error]: Access requested denied due to Error 404 to //api/music
2024-02-27T10:04:22.653Z [error]: Access requested denied due to Error 404 to //api/sync
2024-02-27T10:04:22.653Z [error]: Access requested denied due to Error 404 to /false
2024-02-27T10:04:51.853Z [info]: Portifolio app is online and is active at PORT:80
2024-02-27T10:04:51.855Z [info]: Connected to database
2024-02-27T10:04:53.870Z [info]: http connection established by HOST:127.0.0.1
2024-02-27T10:04:54.290Z [error]: Access requested denied due to Error 404 to //api/music
2024-02-27T10:04:54.328Z [error]: Access requested denied due to Error 404 to //api/sync
2024-02-27T10:04:54.338Z [error]: Access requested denied due to Error 404 to /false
2024-02-27T10:04:59.972Z [info]: Portifolio app is online and is active at PORT:80
2024-02-27T10:04:59.974Z [info]: Connected to database
2024-02-27T10:05:05.744Z [info]: http connection established by HOST:127.0.0.1
2024-02-27T10:05:12.465Z [error]: Access requested denied due to Error 404 to /css/resources/dark.svg
2024-02-27T10:05:16.387Z [info]: Portifolio app is online and is active at PORT:80
2024-02-27T10:05:16.389Z [info]: Connected to database
2024-02-27T10:05:23.130Z [info]: Portifolio app is online and is active at PORT:80
2024-02-27T10:05:23.132Z [info]: Connected to database
2024-02-27T10:05:26.473Z [info]: Portifolio app is online and is active at PORT:80
2024-02-27T10:05:26.475Z [info]: Connected to database
2024-02-27T10:05:30.187Z [error]: Access requested denied due to Error 404 to /css/resources/dark.svg
2024-02-27T10:05:30.235Z [error]: Access requested denied due to Error 404 to /css/resources/dark.svg
2024-02-27T10:05:30.398Z [error]: Access requested denied due to Error 404 to /css/resources/dark.svg
2024-02-27T10:05:31.223Z [info]: http connection established by HOST:127.0.0.1
2024-02-27T10:05:31.604Z [error]: Access requested denied due to Error 404 to //api/music
2024-02-27T10:05:31.743Z [error]: Access requested denied due to Error 404 to //api/sync
2024-02-27T10:05:31.809Z [error]: Access requested denied due to Error 404 to /false
2024-02-27T10:05:42.503Z [info]: Portifolio app is online and is active at PORT:80
2024-02-27T10:05:42.505Z [info]: Connected to database
2024-02-27T10:05:43.965Z [info]: http connection established by HOST:127.0.0.1
2024-02-27T10:05:44.318Z [error]: Access requested denied due to Error 404 to //api/music
2024-02-27T10:05:44.374Z [error]: Access requested denied due to Error 404 to //api/sync
2024-02-27T10:05:44.386Z [error]: Access requested denied due to Error 404 to /false
2024-02-27T10:05:47.475Z [info]: Portifolio app is online and is active at PORT:80
2024-02-27T10:05:47.477Z [info]: Connected to database
2024-02-27T10:05:48.375Z [info]: Portifolio app is online and is active at PORT:80
2024-02-27T10:05:48.377Z [info]: Connected to database
2024-02-27T10:05:49.484Z [info]: http connection established by HOST:127.0.0.1
2024-02-27T10:05:49.832Z [error]: Access requested denied due to Error 404 to //api/music
2024-02-27T10:05:49.875Z [error]: Access requested denied due to Error 404 to //api/sync
2024-02-27T10:05:49.922Z [error]: Access requested denied due to Error 404 to /false
2024-02-27T10:05:54.356Z [error]: Access requested denied due to Error 404 to /src/style.scss
2024-02-27T10:05:57.084Z [info]: http connection established by HOST:127.0.0.1
2024-02-27T10:05:57.290Z [error]: Access requested denied due to Error 404 to /src/style.scss
2024-02-27T10:05:57.414Z [error]: Access requested denied due to Error 404 to //api/music
2024-02-27T10:05:57.456Z [error]: Access requested denied due to Error 404 to //api/sync
2024-02-27T10:05:57.469Z [error]: Access requested denied due to Error 404 to /false
2024-02-27T10:06:29.421Z [info]: Portifolio app is online and is active at PORT:80
2024-02-27T10:06:29.423Z [info]: Connected to database
2024-02-27T10:06:43.506Z [info]: Portifolio app is online and is active at PORT:80
2024-02-27T10:06:43.507Z [info]: Connected to database
2024-02-27T10:06:44.684Z [info]: http connection established by HOST:127.0.0.1
2024-02-27T10:06:44.914Z [error]: Access requested denied due to Error 404 to /src/style.scss
2024-02-27T10:06:45.339Z [info]: Attempting to fetch music data
2024-02-27T10:06:55.473Z [error]: Access requested denied due to Error 404 to /css/resources/dark.svg
2024-02-27T10:06:57.387Z [info]: http connection established by HOST:127.0.0.1
2024-02-27T10:07:04.603Z [info]: Attempting to fetch music data
2024-02-27T10:07:05.329Z [error]: Access requested denied due to Error 404 to /favicon.ico
2024-02-27T10:07:11.504Z [info]: http connection established by HOST:127.0.0.1
2024-02-27T10:07:11.864Z [info]: Attempting to fetch music data
2024-02-27T10:07:25.456Z [error]: Access requested denied due to Error 404 to /css/resources/dark.svg
2024-02-27T10:07:31.264Z [error]: Access requested denied due to Error 404 to /css/resources/dark.svg
2024-02-27T10:07:36.081Z [error]: Access requested denied due to Error 404 to /css/resources/dark.svg
2024-02-27T10:07:36.152Z [error]: Access requested denied due to Error 404 to /css/resources/dark.svg
2024-02-27T10:07:36.172Z [error]: Access requested denied due to Error 404 to /css/resources/dark.svg
2024-02-27T10:07:36.191Z [error]: Access requested denied due to Error 404 to /css/resources/dark.svg
2024-02-27T10:08:11.570Z [error]: Access requested denied due to Error 404 to /css/resources/dark.svg
2024-02-27T10:08:14.960Z [error]: Access requested denied due to Error 404 to /css/resources/dark.svg
